bbl loader
--------------------------------
SUMMARY FOR MNK: 1024 1 1
--------------------------------
section          cycles        %
--------------------------------
total:            82546   100.00
init:             16244    19.68
pin:                  4     0.00
gemmini:           4848     5.87
cpu:              45672    55.33
verify:           15778    19.11
--------------------------------
STATUS: PASS
--------------------------------

--------------------------------
SUMMARY FOR MNK: 1024 1 4
--------------------------------
section          cycles        %
--------------------------------
total:           109258   100.00
init:             11474    10.50
pin:                  4     0.00
gemmini:           5225     4.78
cpu:              76832    70.32
verify:           15723    14.39
--------------------------------
STATUS: PASS
--------------------------------

--------------------------------
SUMMARY FOR MNK: 1024 1 16
--------------------------------
section          cycles        %
--------------------------------
total:           259319   100.00
init:             28088    10.83
pin:                  4     0.00
gemmini:           6184     2.38
cpu:             209235    80.69
verify:           15808     6.10
--------------------------------
STATUS: PASS
--------------------------------

--------------------------------
SUMMARY FOR MNK: 1024 1 64
--------------------------------
section          cycles        %
--------------------------------
total:           837414   100.00
init:             92119    11.00
pin:                  4     0.00
gemmini:          14007     1.67
cpu:             715404    85.43
verify:           15880     1.90
--------------------------------
STATUS: PASS
--------------------------------

--------------------------------
SUMMARY FOR MNK: 1024 1 256
--------------------------------
section          cycles        %
--------------------------------
total:          3140067   100.00
init:            345710    11.01
pin:                  4     0.00
gemmini:          44700     1.42
cpu:            2733726    87.06
verify:           15927     0.51
--------------------------------
STATUS: PASS
--------------------------------

--------------------------------
SUMMARY FOR MNK: 256 4 1
--------------------------------
section          cycles        %
--------------------------------
total:            52989   100.00
init:              5081     9.59
pin:                  4     0.01
gemmini:           1771     3.34
cpu:              36297    68.50
verify:            9836    18.56
--------------------------------
STATUS: PASS
--------------------------------

--------------------------------
SUMMARY FOR MNK: 256 4 4
--------------------------------
section          cycles        %
--------------------------------
total:            83173   100.00
init:              4796     5.77
pin:                  4     0.00
gemmini:           1811     2.18
cpu:              67003    80.56
verify:            9559    11.49
--------------------------------
STATUS: PASS
--------------------------------

--------------------------------
SUMMARY FOR MNK: 256 4 16
--------------------------------
section          cycles        %
--------------------------------
total:           220160   100.00
init:             11489     5.22
pin:                  4     0.00
gemmini:           2213     1.01
cpu:             196664    89.33
verify:            9790     4.45
--------------------------------
STATUS: PASS
--------------------------------

--------------------------------
SUMMARY FOR MNK: 256 4 64
--------------------------------
section          cycles        %
--------------------------------
total:           733166   100.00
init:             27007     3.68
pin:                  4     0.00
gemmini:           5068     0.69
cpu:             691402    94.30
verify:            9685     1.32
--------------------------------
STATUS: PASS
--------------------------------

--------------------------------
SUMMARY FOR MNK: 256 4 256
--------------------------------
section          cycles        %
--------------------------------
total:          2782020   100.00
init:             86695     3.12
pin:                  4     0.00
gemmini:          12048     0.43
cpu:            2673270    96.09
verify:           10003     0.36
--------------------------------
STATUS: PASS
--------------------------------

--------------------------------
SUMMARY FOR MNK: 64 16 1
--------------------------------
section          cycles        %
--------------------------------
total:            46774   100.00
init:              4664     9.97
pin:                  4     0.01
gemmini:           1249     2.67
cpu:              32360    69.18
verify:            8497    18.17
--------------------------------
STATUS: PASS
--------------------------------

--------------------------------
SUMMARY FOR MNK: 64 16 4
--------------------------------
section          cycles        %
--------------------------------
total:            77293   100.00
init:              4405     5.70
pin:                  4     0.01
gemmini:           1305     1.69
cpu:              63074    81.60
verify:            8505    11.00
--------------------------------
STATUS: PASS
--------------------------------

--------------------------------
SUMMARY FOR MNK: 64 16 16
--------------------------------
section          cycles        %
--------------------------------
total:           207424   100.00
init:              5189     2.50
pin:                  4     0.00
gemmini:           1371     0.66
cpu:             192304    92.71
verify:            8556     4.12
--------------------------------
STATUS: PASS
--------------------------------

--------------------------------
SUMMARY FOR MNK: 64 16 64
--------------------------------
section          cycles        %
--------------------------------
total:           703293   100.00
init:              7947     1.13
pin:                  4     0.00
gemmini:           2381     0.34
cpu:             684432    97.32
verify:            8529     1.21
--------------------------------
STATUS: PASS
--------------------------------

--------------------------------
SUMMARY FOR MNK: 64 16 256
--------------------------------
section          cycles        %
--------------------------------
total:          2690080   100.00
init:             19846     0.74
pin:                  4     0.00
gemmini:           5177     0.19
cpu:            2656470    98.75
verify:            8583     0.32
--------------------------------
STATUS: PASS
--------------------------------

--------------------------------
SUMMARY FOR MNK: 32 32 1
--------------------------------
section          cycles        %
--------------------------------
total:            45669   100.00
init:              4397     9.63
pin:                  4     0.01
gemmini:           1325     2.90
cpu:              31833    69.70
verify:            8110    17.76
--------------------------------
STATUS: PASS
--------------------------------

--------------------------------
SUMMARY FOR MNK: 32 32 4
--------------------------------
section          cycles        %
--------------------------------
total:            75999   100.00
init:              4155     5.47
pin:                  4     0.01
gemmini:           1388     1.83
cpu:              62403    82.11
verify:            8049    10.59
--------------------------------
STATUS: PASS
--------------------------------

--------------------------------
SUMMARY FOR MNK: 32 32 16
--------------------------------
section          cycles        %
--------------------------------
total:           205453   100.00
init:              4491     2.19
pin:                  4     0.00
gemmini:           1627     0.79
cpu:             191289    93.11
verify:            8042     3.91
--------------------------------
STATUS: PASS
--------------------------------

--------------------------------
SUMMARY FOR MNK: 32 32 64
--------------------------------
section          cycles        %
--------------------------------
total:           701671   100.00
init:              7751     1.10
pin:                  4     0.00
gemmini:           2165     0.31
cpu:             683670    97.43
verify:            8081     1.15
--------------------------------
STATUS: PASS
--------------------------------

--------------------------------
SUMMARY FOR MNK: 32 32 256
--------------------------------
section          cycles        %
--------------------------------
total:          2686205   100.00
init:             16025     0.60
pin:                  4     0.00
gemmini:           5484     0.20
cpu:            2656624    98.90
verify:            8068     0.30
--------------------------------
STATUS: PASS
--------------------------------

--------------------------------
SUMMARY FOR MNK: 16 64 1
--------------------------------
section          cycles        %
--------------------------------
total:            45662   100.00
init:              4721    10.34
pin:                  4     0.01
gemmini:           1668     3.65
cpu:              31496    68.98
verify:            7773    17.02
--------------------------------
STATUS: PASS
--------------------------------

--------------------------------
SUMMARY FOR MNK: 16 64 4
--------------------------------
section          cycles        %
--------------------------------
total:            76062   100.00
init:              4361     5.73
pin:                  4     0.01
gemmini:           1903     2.50
cpu:              61966    81.47
verify:            7828    10.29
--------------------------------
STATUS: PASS
--------------------------------

--------------------------------
SUMMARY FOR MNK: 16 64 16
--------------------------------
section          cycles        %
--------------------------------
total:           206483   100.00
init:              5361     2.60
pin:                  4     0.00
gemmini:           2005     0.97
cpu:             191316    92.65
verify:            7797     3.78
--------------------------------
STATUS: PASS
--------------------------------

--------------------------------
SUMMARY FOR MNK: 16 64 64
--------------------------------
section          cycles        %
--------------------------------
total:           702131   100.00
init:              7574     1.08
pin:                  4     0.00
gemmini:           3516     0.50
cpu:             683283    97.32
verify:            7754     1.10
--------------------------------
STATUS: PASS
--------------------------------

--------------------------------
SUMMARY FOR MNK: 16 64 256
--------------------------------
section          cycles        %
--------------------------------
total:          2977623   100.00
init:             19263     0.65
pin:                  4     0.00
gemmini:           9381     0.32
cpu:            2940981    98.77
verify:            7994     0.27
--------------------------------
STATUS: PASS
--------------------------------

--------------------------------
SUMMARY FOR MNK: 4 256 1
--------------------------------
section          cycles        %
--------------------------------
total:            46340   100.00
init:              4876    10.52
pin:                  4     0.01
gemmini:           2782     6.00
cpu:              31073    67.05
verify:            7605    16.41
--------------------------------
STATUS: PASS
--------------------------------

--------------------------------
SUMMARY FOR MNK: 4 256 4
--------------------------------
section          cycles        %
--------------------------------
total:            77049   100.00
init:              4571     5.93
pin:                  4     0.01
gemmini:           2973     3.86
cpu:              61923    80.37
verify:            7578     9.84
--------------------------------
STATUS: PASS
--------------------------------

--------------------------------
SUMMARY FOR MNK: 4 256 16
--------------------------------
section          cycles        %
--------------------------------
total:           211444   100.00
init:              8208     3.88
pin:                  4     0.00
gemmini:           4238     2.00
cpu:             191378    90.51
verify:            7616     3.60
--------------------------------
STATUS: PASS
--------------------------------

--------------------------------
SUMMARY FOR MNK: 4 256 64
--------------------------------
section          cycles        %
--------------------------------
total:           761397   100.00
init:             16289     2.14
pin:                  4     0.00
gemmini:           8059     1.06
cpu:             729229    95.78
verify:            7816     1.03
--------------------------------
STATUS: PASS
--------------------------------

--------------------------------
SUMMARY FOR MNK: 4 256 256
--------------------------------
section          cycles        %
--------------------------------
total:          6921028   100.00
init:             55018     0.79
pin:                  4     0.00
gemmini:          24980     0.36
cpu:            6833250    98.73
verify:            7776     0.11
--------------------------------
STATUS: PASS
--------------------------------

--------------------------------
SUMMARY FOR MNK: 1 1024 1
--------------------------------
section          cycles        %
--------------------------------
total:            50992   100.00
init:              4904     9.62
pin:                  4     0.01
gemmini:           7454    14.62
cpu:              31087    60.96
verify:            7543    14.79
--------------------------------
STATUS: PASS
--------------------------------

--------------------------------
SUMMARY FOR MNK: 1 1024 4
--------------------------------
section          cycles        %
--------------------------------
total:            87884   100.00
init:              8104     9.22
pin:                  4     0.00
gemmini:           9569    10.89
cpu:              62657    71.30
verify:            7550     8.59
--------------------------------
STATUS: PASS
--------------------------------

--------------------------------
SUMMARY FOR MNK: 1 1024 16
--------------------------------
section          cycles        %
--------------------------------
total:           240912   100.00
init:             16129     6.69
pin:                  4     0.00
gemmini:          12770     5.30
cpu:             204335    84.82
verify:            7674     3.19
--------------------------------
STATUS: PASS
--------------------------------

--------------------------------
SUMMARY FOR MNK: 1 1024 64
--------------------------------
section          cycles        %
--------------------------------
total:          1815594   100.00
init:             54083     2.98
pin:                  4     0.00
gemmini:          27533     1.52
cpu:            1726305    95.08
verify:            7669     0.42
--------------------------------
STATUS: PASS
--------------------------------

--------------------------------
SUMMARY FOR MNK: 1 1024 256
--------------------------------
section          cycles        %
--------------------------------
total:          7889513   100.00
init:            322762     4.09
pin:                  4     0.00
gemmini:          87733     1.11
cpu:            7471403    94.70
verify:            7611     0.10
--------------------------------
STATUS: PASS
--------------------------------

*** PASSED *** Completed after 50160391 cycles
[UART] UART0 is here (stdin/stdout).
[INFO]: 2020-04-09_09-47-57__pk__hw_tiler__hw_g2_dse3__gemm-pk succeeded in 1548 seconds
