bbl loader
--------------------------------
SUMMARY FOR MNK: 1024 1 1
--------------------------------
section          cycles        %
--------------------------------
total:            80812   100.00
init:             15062    18.64
pin:                  4     0.00
gemmini:           4561     5.64
cpu:              45516    56.32
verify:           15669    19.39
--------------------------------
STATUS: PASS
--------------------------------

--------------------------------
SUMMARY FOR MNK: 1024 1 4
--------------------------------
section          cycles        %
--------------------------------
total:           108349   100.00
init:             10848    10.01
pin:                  4     0.00
gemmini:           4891     4.51
cpu:              76936    71.01
verify:           15670    14.46
--------------------------------
STATUS: PASS
--------------------------------

--------------------------------
SUMMARY FOR MNK: 1024 1 16
--------------------------------
section          cycles        %
--------------------------------
total:           254732   100.00
init:             25598    10.05
pin:                  4     0.00
gemmini:           5444     2.14
cpu:             208000    81.65
verify:           15686     6.16
--------------------------------
STATUS: PASS
--------------------------------

--------------------------------
SUMMARY FOR MNK: 1024 1 64
--------------------------------
section          cycles        %
--------------------------------
total:           824656   100.00
init:             86016    10.43
pin:                  4     0.00
gemmini:          12277     1.49
cpu:             710584    86.17
verify:           15775     1.91
--------------------------------
STATUS: PASS
--------------------------------

--------------------------------
SUMMARY FOR MNK: 1024 1 256
--------------------------------
section          cycles        %
--------------------------------
total:          3101345   100.00
init:            324228    10.45
pin:                  4     0.00
gemmini:          43155     1.39
cpu:            2718078    87.64
verify:           15880     0.51
--------------------------------
STATUS: PASS
--------------------------------

--------------------------------
SUMMARY FOR MNK: 256 4 1
--------------------------------
section          cycles        %
--------------------------------
total:            51927   100.00
init:              4594     8.85
pin:                  4     0.01
gemmini:           1471     2.83
cpu:              36135    69.59
verify:            9723    18.72
--------------------------------
STATUS: PASS
--------------------------------

--------------------------------
SUMMARY FOR MNK: 256 4 4
--------------------------------
section          cycles        %
--------------------------------
total:            82468   100.00
init:              4305     5.22
pin:                  4     0.00
gemmini:           1552     1.88
cpu:              66858    81.07
verify:            9749    11.82
--------------------------------
STATUS: PASS
--------------------------------

--------------------------------
SUMMARY FOR MNK: 256 4 16
--------------------------------
section          cycles        %
--------------------------------
total:           218850   100.00
init:             10873     4.97
pin:                  4     0.00
gemmini:           1841     0.84
cpu:             196367    89.73
verify:            9765     4.46
--------------------------------
STATUS: PASS
--------------------------------

--------------------------------
SUMMARY FOR MNK: 256 4 64
--------------------------------
section          cycles        %
--------------------------------
total:           728768   100.00
init:             24496     3.36
pin:                  4     0.00
gemmini:           4137     0.57
cpu:             690453    94.74
verify:            9678     1.33
--------------------------------
STATUS: PASS
--------------------------------

--------------------------------
SUMMARY FOR MNK: 256 4 256
--------------------------------
section          cycles        %
--------------------------------
total:          2767776   100.00
init:             78266     2.83
pin:                  4     0.00
gemmini:          11058     0.40
cpu:            2668610    96.42
verify:            9838     0.36
--------------------------------
STATUS: PASS
--------------------------------

--------------------------------
SUMMARY FOR MNK: 64 16 1
--------------------------------
section          cycles        %
--------------------------------
total:            45851   100.00
init:              4097     8.94
pin:                  4     0.01
gemmini:            877     1.91
cpu:              32454    70.78
verify:            8419    18.36
--------------------------------
STATUS: PASS
--------------------------------

--------------------------------
SUMMARY FOR MNK: 64 16 4
--------------------------------
section          cycles        %
--------------------------------
total:            76299   100.00
init:              3836     5.03
pin:                  4     0.01
gemmini:           1022     1.34
cpu:              62952    82.51
verify:            8485    11.12
--------------------------------
STATUS: PASS
--------------------------------

--------------------------------
SUMMARY FOR MNK: 64 16 16
--------------------------------
section          cycles        %
--------------------------------
total:           206558   100.00
init:              4797     2.32
pin:                  4     0.00
gemmini:           1002     0.49
cpu:             192257    93.08
verify:            8498     4.11
--------------------------------
STATUS: PASS
--------------------------------

--------------------------------
SUMMARY FOR MNK: 64 16 64
--------------------------------
section          cycles        %
--------------------------------
total:           701208   100.00
init:              6837     0.98
pin:                  4     0.00
gemmini:           1796     0.26
cpu:             684186    97.57
verify:            8385     1.20
--------------------------------
STATUS: PASS
--------------------------------

--------------------------------
SUMMARY FOR MNK: 64 16 256
--------------------------------
section          cycles        %
--------------------------------
total:          2684273   100.00
init:             16702     0.62
pin:                  4     0.00
gemmini:           4031     0.15
cpu:            2655066    98.91
verify:            8470     0.32
--------------------------------
STATUS: PASS
--------------------------------

--------------------------------
SUMMARY FOR MNK: 32 32 1
--------------------------------
section          cycles        %
--------------------------------
total:            44424   100.00
init:              3841     8.65
pin:                  4     0.01
gemmini:           1090     2.45
cpu:              31552    71.02
verify:            7937    17.87
--------------------------------
STATUS: PASS
--------------------------------

--------------------------------
SUMMARY FOR MNK: 32 32 4
--------------------------------
section          cycles        %
--------------------------------
total:            75311   100.00
init:              3878     5.15
pin:                  4     0.01
gemmini:           1150     1.53
cpu:              62313    82.74
verify:            7966    10.58
--------------------------------
STATUS: PASS
--------------------------------

--------------------------------
SUMMARY FOR MNK: 32 32 16
--------------------------------
section          cycles        %
--------------------------------
total:           204572   100.00
init:              4139     2.02
pin:                  4     0.00
gemmini:           1206     0.59
cpu:             191329    93.53
verify:            7894     3.86
--------------------------------
STATUS: PASS
--------------------------------

--------------------------------
SUMMARY FOR MNK: 32 32 64
--------------------------------
section          cycles        %
--------------------------------
total:           699922   100.00
init:              6768     0.97
pin:                  4     0.00
gemmini:           1738     0.25
cpu:             683487    97.65
verify:            7925     1.13
--------------------------------
STATUS: PASS
--------------------------------

--------------------------------
SUMMARY FOR MNK: 32 32 256
--------------------------------
section          cycles        %
--------------------------------
total:          2679696   100.00
init:             13495     0.50
pin:                  4     0.00
gemmini:           4168     0.16
cpu:            2654055    99.04
verify:            7974     0.30
--------------------------------
STATUS: PASS
--------------------------------

--------------------------------
SUMMARY FOR MNK: 16 64 1
--------------------------------
section          cycles        %
--------------------------------
total:            44363   100.00
init:              4049     9.13
pin:                  4     0.01
gemmini:           1031     2.32
cpu:              31495    70.99
verify:            7784    17.55
--------------------------------
STATUS: PASS
--------------------------------

--------------------------------
SUMMARY FOR MNK: 16 64 4
--------------------------------
section          cycles        %
--------------------------------
total:            74897   100.00
init:              3868     5.16
pin:                  4     0.01
gemmini:           1267     1.69
cpu:              62046    82.84
verify:            7712    10.30
--------------------------------
STATUS: PASS
--------------------------------

--------------------------------
SUMMARY FOR MNK: 16 64 16
--------------------------------
section          cycles        %
--------------------------------
total:           205252   100.00
init:              4876     2.38
pin:                  4     0.00
gemmini:           1386     0.68
cpu:             191259    93.18
verify:            7727     3.76
--------------------------------
STATUS: PASS
--------------------------------

--------------------------------
SUMMARY FOR MNK: 16 64 64
--------------------------------
section          cycles        %
--------------------------------
total:           700207   100.00
init:              7069     1.01
pin:                  4     0.00
gemmini:           2284     0.33
cpu:             683165    97.57
verify:            7685     1.10
--------------------------------
STATUS: PASS
--------------------------------

--------------------------------
SUMMARY FOR MNK: 16 64 256
--------------------------------
section          cycles        %
--------------------------------
total:          2898115   100.00
init:             16113     0.56
pin:                  4     0.00
gemmini:           6222     0.21
cpu:            2867927    98.96
verify:            7849     0.27
--------------------------------
STATUS: PASS
--------------------------------

--------------------------------
SUMMARY FOR MNK: 4 256 1
--------------------------------
section          cycles        %
--------------------------------
total:            44837   100.00
init:              4211     9.39
pin:                  4     0.01
gemmini:           1987     4.43
cpu:              31117    69.40
verify:            7518    16.77
--------------------------------
STATUS: PASS
--------------------------------

--------------------------------
SUMMARY FOR MNK: 4 256 4
--------------------------------
section          cycles        %
--------------------------------
total:            75691   100.00
init:              4114     5.44
pin:                  4     0.01
gemmini:           2117     2.80
cpu:              61951    81.85
verify:            7505     9.92
--------------------------------
STATUS: PASS
--------------------------------

--------------------------------
SUMMARY FOR MNK: 4 256 16
--------------------------------
section          cycles        %
--------------------------------
total:           209134   100.00
init:              7387     3.53
pin:                  4     0.00
gemmini:           2918     1.40
cpu:             191319    91.48
verify:            7506     3.59
--------------------------------
STATUS: PASS
--------------------------------

--------------------------------
SUMMARY FOR MNK: 4 256 64
--------------------------------
section          cycles        %
--------------------------------
total:           744873   100.00
init:             13526     1.82
pin:                  4     0.00
gemmini:           6380     0.86
cpu:             717296    96.30
verify:            7667     1.03
--------------------------------
STATUS: PASS
--------------------------------

--------------------------------
SUMMARY FOR MNK: 4 256 256
--------------------------------
section          cycles        %
--------------------------------
total:          5858873   100.00
init:             44790     0.76
pin:                  4     0.00
gemmini:          19496     0.33
cpu:            5786922    98.77
verify:            7661     0.13
--------------------------------
STATUS: PASS
--------------------------------

--------------------------------
SUMMARY FOR MNK: 1 1024 1
--------------------------------
section          cycles        %
--------------------------------
total:            48846   100.00
init:              4610     9.44
pin:                  4     0.01
gemmini:           5558    11.38
cpu:              31231    63.94
verify:            7443    15.24
--------------------------------
STATUS: PASS
--------------------------------

--------------------------------
SUMMARY FOR MNK: 1 1024 4
--------------------------------
section          cycles        %
--------------------------------
total:            83541   100.00
init:              7087     8.48
pin:                  4     0.00
gemmini:           6802     8.14
cpu:              62165    74.41
verify:            7483     8.96
--------------------------------
STATUS: PASS
--------------------------------

--------------------------------
SUMMARY FOR MNK: 1 1024 16
--------------------------------
section          cycles        %
--------------------------------
total:           232131   100.00
init:             13660     5.88
pin:                  4     0.00
gemmini:           9416     4.06
cpu:             201487    86.80
verify:            7564     3.26
--------------------------------
STATUS: PASS
--------------------------------

--------------------------------
SUMMARY FOR MNK: 1 1024 64
--------------------------------
section          cycles        %
--------------------------------
total:          1541302   100.00
init:             44105     2.86
pin:                  4     0.00
gemmini:          24776     1.61
cpu:            1464868    95.04
verify:            7549     0.49
--------------------------------
STATUS: PASS
--------------------------------

--------------------------------
SUMMARY FOR MNK: 1 1024 256
--------------------------------
section          cycles        %
--------------------------------
total:          6796199   100.00
init:            292575     4.30
pin:                  4     0.00
gemmini:          84256     1.24
cpu:            6411791    94.34
verify:            7573     0.11
--------------------------------
STATUS: PASS
--------------------------------

*** PASSED *** Completed after 47269389 cycles
[UART] UART0 is here (stdin/stdout).
[INFO]: 2020-04-09_01-37-31__pk__hw_tiler__hw_g2_dse5__gemm-pk succeeded in 1435 seconds
