bbl loader
--------------------------------
SUMMARY FOR MNK: 1024 1 1
--------------------------------
section          cycles        %
--------------------------------
total:            80611   100.00
init:             15062    18.68
pin:                  4     0.00
gemmini:           4358     5.41
cpu:              45518    56.47
verify:           15669    19.44
--------------------------------
STATUS: PASS
--------------------------------

--------------------------------
SUMMARY FOR MNK: 1024 1 4
--------------------------------
section          cycles        %
--------------------------------
total:           107987   100.00
init:             10766     9.97
pin:                  4     0.00
gemmini:           4594     4.25
cpu:              76949    71.26
verify:           15674    14.51
--------------------------------
STATUS: PASS
--------------------------------

--------------------------------
SUMMARY FOR MNK: 1024 1 16
--------------------------------
section          cycles        %
--------------------------------
total:           254965   100.00
init:             25997    10.20
pin:                  4     0.00
gemmini:           5043     1.98
cpu:             208206    81.66
verify:           15715     6.16
--------------------------------
STATUS: PASS
--------------------------------

--------------------------------
SUMMARY FOR MNK: 1024 1 64
--------------------------------
section          cycles        %
--------------------------------
total:           820573   100.00
init:             85733    10.45
pin:                  4     0.00
gemmini:           8620     1.05
cpu:             710468    86.58
verify:           15748     1.92
--------------------------------
STATUS: PASS
--------------------------------

--------------------------------
SUMMARY FOR MNK: 1024 1 256
--------------------------------
section          cycles        %
--------------------------------
total:          3083724   100.00
init:            323126    10.48
pin:                  4     0.00
gemmini:          26671     0.86
cpu:            2718078    88.14
verify:           15845     0.51
--------------------------------
STATUS: PASS
--------------------------------

--------------------------------
SUMMARY FOR MNK: 256 4 1
--------------------------------
section          cycles        %
--------------------------------
total:            51761   100.00
init:              4492     8.68
pin:                  4     0.01
gemmini:           1481     2.86
cpu:              36069    69.68
verify:            9715    18.77
--------------------------------
STATUS: PASS
--------------------------------

--------------------------------
SUMMARY FOR MNK: 256 4 4
--------------------------------
section          cycles        %
--------------------------------
total:            82552   100.00
init:              4410     5.34
pin:                  4     0.00
gemmini:           1528     1.85
cpu:              66955    81.11
verify:            9655    11.70
--------------------------------
STATUS: PASS
--------------------------------

--------------------------------
SUMMARY FOR MNK: 256 4 16
--------------------------------
section          cycles        %
--------------------------------
total:           218507   100.00
init:             10846     4.96
pin:                  4     0.00
gemmini:           1716     0.79
cpu:             196338    89.85
verify:            9603     4.39
--------------------------------
STATUS: PASS
--------------------------------

--------------------------------
SUMMARY FOR MNK: 256 4 64
--------------------------------
section          cycles        %
--------------------------------
total:           727087   100.00
init:             23909     3.29
pin:                  4     0.00
gemmini:           3094     0.43
cpu:             690340    94.95
verify:            9740     1.34
--------------------------------
STATUS: PASS
--------------------------------

--------------------------------
SUMMARY FOR MNK: 256 4 256
--------------------------------
section          cycles        %
--------------------------------
total:          2763348   100.00
init:             78049     2.82
pin:                  4     0.00
gemmini:           6865     0.25
cpu:            2668619    96.57
verify:            9811     0.36
--------------------------------
STATUS: PASS
--------------------------------

--------------------------------
SUMMARY FOR MNK: 64 16 1
--------------------------------
section          cycles        %
--------------------------------
total:            45946   100.00
init:              4196     9.13
pin:                  4     0.01
gemmini:            986     2.15
cpu:              32338    70.38
verify:            8422    18.33
--------------------------------
STATUS: PASS
--------------------------------

--------------------------------
SUMMARY FOR MNK: 64 16 4
--------------------------------
section          cycles        %
--------------------------------
total:            76245   100.00
init:              3801     4.99
pin:                  4     0.01
gemmini:           1050     1.38
cpu:              62959    82.57
verify:            8431    11.06
--------------------------------
STATUS: PASS
--------------------------------

--------------------------------
SUMMARY FOR MNK: 64 16 16
--------------------------------
section          cycles        %
--------------------------------
total:           206651   100.00
init:              4739     2.29
pin:                  4     0.00
gemmini:           1123     0.54
cpu:             192287    93.05
verify:            8498     4.11
--------------------------------
STATUS: PASS
--------------------------------

--------------------------------
SUMMARY FOR MNK: 64 16 64
--------------------------------
section          cycles        %
--------------------------------
total:           701289   100.00
init:              6984     1.00
pin:                  4     0.00
gemmini:           1654     0.24
cpu:             684157    97.56
verify:            8490     1.21
--------------------------------
STATUS: PASS
--------------------------------

--------------------------------
SUMMARY FOR MNK: 64 16 256
--------------------------------
section          cycles        %
--------------------------------
total:          2683307   100.00
init:             16630     0.62
pin:                  4     0.00
gemmini:           3171     0.12
cpu:            2655104    98.95
verify:            8398     0.31
--------------------------------
STATUS: PASS
--------------------------------

--------------------------------
SUMMARY FOR MNK: 32 32 1
--------------------------------
section          cycles        %
--------------------------------
total:            44530   100.00
init:              3889     8.73
pin:                  4     0.01
gemmini:           1079     2.42
cpu:              31544    70.84
verify:            8014    18.00
--------------------------------
STATUS: PASS
--------------------------------

--------------------------------
SUMMARY FOR MNK: 32 32 4
--------------------------------
section          cycles        %
--------------------------------
total:            75187   100.00
init:              3828     5.09
pin:                  4     0.01
gemmini:           1093     1.45
cpu:              62321    82.89
verify:            7941    10.56
--------------------------------
STATUS: PASS
--------------------------------

--------------------------------
SUMMARY FOR MNK: 32 32 16
--------------------------------
section          cycles        %
--------------------------------
total:           204535   100.00
init:              4105     2.01
pin:                  4     0.00
gemmini:           1161     0.57
cpu:             191347    93.55
verify:            7918     3.87
--------------------------------
STATUS: PASS
--------------------------------

--------------------------------
SUMMARY FOR MNK: 32 32 64
--------------------------------
section          cycles        %
--------------------------------
total:           699617   100.00
init:              6762     0.97
pin:                  4     0.00
gemmini:           1607     0.23
cpu:             683322    97.67
verify:            7922     1.13
--------------------------------
STATUS: PASS
--------------------------------

--------------------------------
SUMMARY FOR MNK: 32 32 256
--------------------------------
section          cycles        %
--------------------------------
total:          2678847   100.00
init:             13668     0.51
pin:                  4     0.00
gemmini:           2697     0.10
cpu:            2654515    99.09
verify:            7963     0.30
--------------------------------
STATUS: PASS
--------------------------------

--------------------------------
SUMMARY FOR MNK: 16 64 1
--------------------------------
section          cycles        %
--------------------------------
total:            44216   100.00
init:              3956     8.95
pin:                  4     0.01
gemmini:           1239     2.80
cpu:              31315    70.82
verify:            7702    17.42
--------------------------------
STATUS: PASS
--------------------------------

--------------------------------
SUMMARY FOR MNK: 16 64 4
--------------------------------
section          cycles        %
--------------------------------
total:            74713   100.00
init:              3735     5.00
pin:                  4     0.01
gemmini:           1265     1.69
cpu:              61995    82.98
verify:            7714    10.32
--------------------------------
STATUS: PASS
--------------------------------

--------------------------------
SUMMARY FOR MNK: 16 64 16
--------------------------------
section          cycles        %
--------------------------------
total:           205232   100.00
init:              4878     2.38
pin:                  4     0.00
gemmini:           1312     0.64
cpu:             191242    93.18
verify:            7796     3.80
--------------------------------
STATUS: PASS
--------------------------------

--------------------------------
SUMMARY FOR MNK: 16 64 64
--------------------------------
section          cycles        %
--------------------------------
total:           699822   100.00
init:              7007     1.00
pin:                  4     0.00
gemmini:           1911     0.27
cpu:             683156    97.62
verify:            7744     1.11
--------------------------------
STATUS: PASS
--------------------------------

--------------------------------
SUMMARY FOR MNK: 16 64 256
--------------------------------
section          cycles        %
--------------------------------
total:          2896035   100.00
init:             16054     0.55
pin:                  4     0.00
gemmini:           4239     0.15
cpu:            2867851    99.03
verify:            7887     0.27
--------------------------------
STATUS: PASS
--------------------------------

--------------------------------
SUMMARY FOR MNK: 4 256 1
--------------------------------
section          cycles        %
--------------------------------
total:            45055   100.00
init:              4156     9.22
pin:                  4     0.01
gemmini:           2161     4.80
cpu:              31197    69.24
verify:            7537    16.73
--------------------------------
STATUS: PASS
--------------------------------

--------------------------------
SUMMARY FOR MNK: 4 256 4
--------------------------------
section          cycles        %
--------------------------------
total:            75923   100.00
init:              4161     5.48
pin:                  4     0.01
gemmini:           2307     3.04
cpu:              61946    81.59
verify:            7505     9.89
--------------------------------
STATUS: PASS
--------------------------------

--------------------------------
SUMMARY FOR MNK: 4 256 16
--------------------------------
section          cycles        %
--------------------------------
total:           209181   100.00
init:              7287     3.48
pin:                  4     0.00
gemmini:           2956     1.41
cpu:             191403    91.50
verify:            7531     3.60
--------------------------------
STATUS: PASS
--------------------------------

--------------------------------
SUMMARY FOR MNK: 4 256 64
--------------------------------
section          cycles        %
--------------------------------
total:           743366   100.00
init:             13562     1.82
pin:                  4     0.00
gemmini:           4311     0.58
cpu:             717802    96.56
verify:            7687     1.03
--------------------------------
STATUS: PASS
--------------------------------

--------------------------------
SUMMARY FOR MNK: 4 256 256
--------------------------------
section          cycles        %
--------------------------------
total:          5850030   100.00
init:             44869     0.77
pin:                  4     0.00
gemmini:          10683     0.18
cpu:            5786814    98.92
verify:            7660     0.13
--------------------------------
STATUS: PASS
--------------------------------

--------------------------------
SUMMARY FOR MNK: 1 1024 1
--------------------------------
section          cycles        %
--------------------------------
total:            49659   100.00
init:              4569     9.20
pin:                  4     0.01
gemmini:           6533    13.16
cpu:              31049    62.52
verify:            7504    15.11
--------------------------------
STATUS: PASS
--------------------------------

--------------------------------
SUMMARY FOR MNK: 1 1024 4
--------------------------------
section          cycles        %
--------------------------------
total:            84138   100.00
init:              7010     8.33
pin:                  4     0.00
gemmini:           7197     8.55
cpu:              62452    74.23
verify:            7475     8.88
--------------------------------
STATUS: PASS
--------------------------------

--------------------------------
SUMMARY FOR MNK: 1 1024 16
--------------------------------
section          cycles        %
--------------------------------
total:           231829   100.00
init:             13575     5.86
pin:                  4     0.00
gemmini:           8948     3.86
cpu:             201734    87.02
verify:            7568     3.26
--------------------------------
STATUS: PASS
--------------------------------

--------------------------------
SUMMARY FOR MNK: 1 1024 64
--------------------------------
section          cycles        %
--------------------------------
total:          1532430   100.00
init:             44148     2.88
pin:                  4     0.00
gemmini:          15337     1.00
cpu:            1465383    95.62
verify:            7558     0.49
--------------------------------
STATUS: PASS
--------------------------------

--------------------------------
SUMMARY FOR MNK: 1 1024 256
--------------------------------
section          cycles        %
--------------------------------
total:          6755179   100.00
init:            291178     4.31
pin:                  4     0.00
gemmini:          44039     0.65
cpu:            6412433    94.93
verify:            7525     0.11
--------------------------------
STATUS: PASS
--------------------------------

*** PASSED *** Completed after 47077449 cycles
[UART] UART0 is here (stdin/stdout).
[INFO]: 2020-04-09_02-01-26__pk__hw_tiler__hw_g2_dse6__gemm-pk succeeded in 1800 seconds
