bbl loader
--------------------------------
SUMMARY FOR MNK: 1024 1 1
--------------------------------
section          cycles        %
--------------------------------
total:            84302   100.00
init:             15178    18.00
pin:                  4     0.00
gemmini:          12080    14.33
cpu:              41378    49.08
verify:           15662    18.58
--------------------------------
STATUS: PASS
--------------------------------

--------------------------------
SUMMARY FOR MNK: 1024 1 4
--------------------------------
section          cycles        %
--------------------------------
total:           113549   100.00
init:             12648    11.14
pin:                  4     0.00
gemmini:          12167    10.72
cpu:              73104    64.38
verify:           15626    13.76
--------------------------------
STATUS: PASS
--------------------------------

--------------------------------
SUMMARY FOR MNK: 1024 1 16
--------------------------------
section          cycles        %
--------------------------------
total:           259964   100.00
init:             26229    10.09
pin:                  4     0.00
gemmini:          12761     4.91
cpu:             205256    78.96
verify:           15714     6.04
--------------------------------
STATUS: PASS
--------------------------------

--------------------------------
SUMMARY FOR MNK: 1024 1 64
--------------------------------
section          cycles        %
--------------------------------
total:           840339   100.00
init:             86068    10.24
pin:                  4     0.00
gemmini:          31077     3.70
cpu:             707420    84.18
verify:           15770     1.88
--------------------------------
STATUS: PASS
--------------------------------

--------------------------------
SUMMARY FOR MNK: 1024 1 256
--------------------------------
section          cycles        %
--------------------------------
total:          3182402   100.00
init:            323938    10.18
pin:                  4     0.00
gemmini:         127903     4.02
cpu:            2714744    85.30
verify:           15813     0.50
--------------------------------
STATUS: PASS
--------------------------------

--------------------------------
SUMMARY FOR MNK: 256 4 1
--------------------------------
section          cycles        %
--------------------------------
total:            54226   100.00
init:              4406     8.13
pin:                  4     0.01
gemmini:           4166     7.68
cpu:              35907    66.22
verify:            9743    17.97
--------------------------------
STATUS: PASS
--------------------------------

--------------------------------
SUMMARY FOR MNK: 256 4 4
--------------------------------
section          cycles        %
--------------------------------
total:            90213   100.00
init:              4337     4.81
pin:                  4     0.00
gemmini:           4123     4.57
cpu:              72020    79.83
verify:            9729    10.78
--------------------------------
STATUS: PASS
--------------------------------

--------------------------------
SUMMARY FOR MNK: 256 4 16
--------------------------------
section          cycles        %
--------------------------------
total:           223701   100.00
init:             12021     5.37
pin:                  4     0.00
gemmini:           4489     2.01
cpu:             197480    88.28
verify:            9707     4.34
--------------------------------
STATUS: PASS
--------------------------------

--------------------------------
SUMMARY FOR MNK: 256 4 64
--------------------------------
section          cycles        %
--------------------------------
total:           735327   100.00
init:             24171     3.29
pin:                  4     0.00
gemmini:           9671     1.32
cpu:             691685    94.06
verify:            9796     1.33
--------------------------------
STATUS: PASS
--------------------------------

--------------------------------
SUMMARY FOR MNK: 256 4 256
--------------------------------
section          cycles        %
--------------------------------
total:          2790567   100.00
init:             78439     2.81
pin:                  4     0.00
gemmini:          33222     1.19
cpu:            2669068    95.65
verify:            9834     0.35
--------------------------------
STATUS: PASS
--------------------------------

--------------------------------
SUMMARY FOR MNK: 64 16 1
--------------------------------
section          cycles        %
--------------------------------
total:            47896   100.00
init:              4015     8.38
pin:                  4     0.01
gemmini:           2420     5.05
cpu:              32999    68.90
verify:            8458    17.66
--------------------------------
STATUS: PASS
--------------------------------

--------------------------------
SUMMARY FOR MNK: 64 16 4
--------------------------------
section          cycles        %
--------------------------------
total:            85047   100.00
init:              3830     4.50
pin:                  4     0.00
gemmini:           2479     2.91
cpu:              70315    82.68
verify:            8419     9.90
--------------------------------
STATUS: PASS
--------------------------------

--------------------------------
SUMMARY FOR MNK: 64 16 16
--------------------------------
section          cycles        %
--------------------------------
total:           209224   100.00
init:              4555     2.18
pin:                  4     0.00
gemmini:           2417     1.16
cpu:             193754    92.61
verify:            8494     4.06
--------------------------------
STATUS: PASS
--------------------------------

--------------------------------
SUMMARY FOR MNK: 64 16 64
--------------------------------
section          cycles        %
--------------------------------
total:           705115   100.00
init:              6902     0.98
pin:                  4     0.00
gemmini:           3974     0.56
cpu:             685785    97.26
verify:            8450     1.20
--------------------------------
STATUS: PASS
--------------------------------

--------------------------------
SUMMARY FOR MNK: 64 16 256
--------------------------------
section          cycles        %
--------------------------------
total:          2691981   100.00
init:             16599     0.62
pin:                  4     0.00
gemmini:          10265     0.38
cpu:            2656620    98.69
verify:            8493     0.32
--------------------------------
STATUS: PASS
--------------------------------

--------------------------------
SUMMARY FOR MNK: 32 32 1
--------------------------------
section          cycles        %
--------------------------------
total:            46686   100.00
init:              3738     8.01
pin:                  7     0.01
gemmini:           2511     5.38
cpu:              32478    69.57
verify:            7952    17.03
--------------------------------
STATUS: PASS
--------------------------------

--------------------------------
SUMMARY FOR MNK: 32 32 4
--------------------------------
section          cycles        %
--------------------------------
total:            84429   100.00
init:              3831     4.54
pin:                  4     0.00
gemmini:           2552     3.02
cpu:              70071    82.99
verify:            7971     9.44
--------------------------------
STATUS: PASS
--------------------------------

--------------------------------
SUMMARY FOR MNK: 32 32 16
--------------------------------
section          cycles        %
--------------------------------
total:           207784   100.00
init:              3998     1.92
pin:                  4     0.00
gemmini:           2627     1.26
cpu:             193218    92.99
verify:            7937     3.82
--------------------------------
STATUS: PASS
--------------------------------

--------------------------------
SUMMARY FOR MNK: 32 32 64
--------------------------------
section          cycles        %
--------------------------------
total:           703773   100.00
init:              6618     0.94
pin:                  4     0.00
gemmini:           3855     0.55
cpu:             685339    97.38
verify:            7957     1.13
--------------------------------
STATUS: PASS
--------------------------------

--------------------------------
SUMMARY FOR MNK: 32 32 256
--------------------------------
section          cycles        %
--------------------------------
total:          2688988   100.00
init:             13596     0.51
pin:                  4     0.00
gemmini:           9570     0.36
cpu:            2657812    98.84
verify:            8006     0.30
--------------------------------
STATUS: PASS
--------------------------------

--------------------------------
SUMMARY FOR MNK: 16 64 1
--------------------------------
section          cycles        %
--------------------------------
total:            46367   100.00
init:              3928     8.47
pin:                  4     0.01
gemmini:           2473     5.33
cpu:              32243    69.54
verify:            7719    16.65
--------------------------------
STATUS: PASS
--------------------------------

--------------------------------
SUMMARY FOR MNK: 16 64 4
--------------------------------
section          cycles        %
--------------------------------
total:            84108   100.00
init:              3794     4.51
pin:                  4     0.00
gemmini:           2620     3.12
cpu:              69956    83.17
verify:            7734     9.20
--------------------------------
STATUS: PASS
--------------------------------

--------------------------------
SUMMARY FOR MNK: 16 64 16
--------------------------------
section          cycles        %
--------------------------------
total:           208553   100.00
init:              4745     2.28
pin:                  7     0.00
gemmini:           2790     1.34
cpu:             193296    92.68
verify:            7715     3.70
--------------------------------
STATUS: PASS
--------------------------------

--------------------------------
SUMMARY FOR MNK: 16 64 64
--------------------------------
section          cycles        %
--------------------------------
total:           704445   100.00
init:              6969     0.99
pin:                  4     0.00
gemmini:           4372     0.62
cpu:             685417    97.30
verify:            7683     1.09
--------------------------------
STATUS: PASS
--------------------------------

--------------------------------
SUMMARY FOR MNK: 16 64 256
--------------------------------
section          cycles        %
--------------------------------
total:          2904172   100.00
init:             16248     0.56
pin:                  4     0.00
gemmini:          11183     0.39
cpu:            2868858    98.78
verify:            7879     0.27
--------------------------------
STATUS: PASS
--------------------------------

--------------------------------
SUMMARY FOR MNK: 4 256 1
--------------------------------
section          cycles        %
--------------------------------
total:            48308   100.00
init:              4130     8.55
pin:                  4     0.01
gemmini:           4550     9.42
cpu:              32102    66.45
verify:            7522    15.57
--------------------------------
STATUS: PASS
--------------------------------

--------------------------------
SUMMARY FOR MNK: 4 256 4
--------------------------------
section          cycles        %
--------------------------------
total:            86127   100.00
init:              4055     4.71
pin:                  4     0.00
gemmini:           4603     5.34
cpu:              69916    81.18
verify:            7549     8.76
--------------------------------
STATUS: PASS
--------------------------------

--------------------------------
SUMMARY FOR MNK: 4 256 16
--------------------------------
section          cycles        %
--------------------------------
total:           213442   100.00
init:              7207     3.38
pin:                  4     0.00
gemmini:           5232     2.45
cpu:             193471    90.64
verify:            7528     3.53
--------------------------------
STATUS: PASS
--------------------------------

--------------------------------
SUMMARY FOR MNK: 4 256 64
--------------------------------
section          cycles        %
--------------------------------
total:           753132   100.00
init:             13629     1.81
pin:                  4     0.00
gemmini:          12338     1.64
cpu:             719494    95.53
verify:            7667     1.02
--------------------------------
STATUS: PASS
--------------------------------

--------------------------------
SUMMARY FOR MNK: 4 256 256
--------------------------------
section          cycles        %
--------------------------------
total:          5879114   100.00
init:             44825     0.76
pin:                  4     0.00
gemmini:          38715     0.66
cpu:            5787875    98.45
verify:            7695     0.13
--------------------------------
STATUS: PASS
--------------------------------

--------------------------------
SUMMARY FOR MNK: 1 1024 1
--------------------------------
section          cycles        %
--------------------------------
total:            56312   100.00
init:              4331     7.69
pin:                  4     0.01
gemmini:          12448    22.11
cpu:              32061    56.93
verify:            7468    13.26
--------------------------------
STATUS: PASS
--------------------------------

--------------------------------
SUMMARY FOR MNK: 1 1024 4
--------------------------------
section          cycles        %
--------------------------------
total:            98740   100.00
init:              6963     7.05
pin:                  4     0.00
gemmini:          13818    13.99
cpu:              70459    71.36
verify:            7496     7.59
--------------------------------
STATUS: PASS
--------------------------------

--------------------------------
SUMMARY FOR MNK: 1 1024 16
--------------------------------
section          cycles        %
--------------------------------
total:           242248   100.00
init:             13608     5.62
pin:                  4     0.00
gemmini:          16726     6.90
cpu:             204355    84.36
verify:            7555     3.12
--------------------------------
STATUS: PASS
--------------------------------

--------------------------------
SUMMARY FOR MNK: 1 1024 64
--------------------------------
section          cycles        %
--------------------------------
total:          1564725   100.00
init:             44208     2.83
pin:                  4     0.00
gemmini:          45387     2.90
cpu:            1467583    93.79
verify:            7543     0.48
--------------------------------
STATUS: PASS
--------------------------------

--------------------------------
SUMMARY FOR MNK: 1 1024 256
--------------------------------
section          cycles        %
--------------------------------
total:          6926121   100.00
init:            292551     4.22
pin:                  4     0.00
gemmini:         160786     2.32
cpu:            6465272    93.35
verify:            7508     0.11
--------------------------------
STATUS: PASS
--------------------------------

*** PASSED *** Completed after 47840754 cycles
[UART] UART0 is here (stdin/stdout).
[INFO]: 2020-04-09_02-39-48__pk__fsm_tiler__hw_g1_dse6__gemm-pk succeeded in 2187 seconds
