bbl loader
--------------------------------
SUMMARY FOR MNK: 1024 1 1
--------------------------------
section          cycles        %
--------------------------------
total:            87786   100.00
init:             15307    17.44
pin:                  4     0.00
gemmini:          13304    15.16
cpu:              45481    51.81
verify:           13690    15.59
--------------------------------
STATUS: PASS
--------------------------------

--------------------------------
SUMMARY FOR MNK: 1024 1 4
--------------------------------
section          cycles        %
--------------------------------
total:           114858   100.00
init:             10801     9.40
pin:                  4     0.00
gemmini:          13556    11.80
cpu:              76855    66.91
verify:           13642    11.88
--------------------------------
STATUS: PASS
--------------------------------

--------------------------------
SUMMARY FOR MNK: 1024 1 16
--------------------------------
section          cycles        %
--------------------------------
total:           262042   100.00
init:             25877     9.88
pin:                  4     0.00
gemmini:          14232     5.43
cpu:             208306    79.49
verify:           13623     5.20
--------------------------------
STATUS: PASS
--------------------------------

--------------------------------
SUMMARY FOR MNK: 1024 1 64
--------------------------------
section          cycles        %
--------------------------------
total:           831812   100.00
init:             86299    10.37
pin:                  4     0.00
gemmini:          21487     2.58
cpu:             710330    85.40
verify:           13692     1.65
--------------------------------
STATUS: PASS
--------------------------------

--------------------------------
SUMMARY FOR MNK: 1024 1 256
--------------------------------
section          cycles        %
--------------------------------
total:          3107940   100.00
init:            323233    10.40
pin:                  4     0.00
gemmini:          53076     1.71
cpu:            2717881    87.45
verify:           13746     0.44
--------------------------------
STATUS: PASS
--------------------------------

--------------------------------
SUMMARY FOR MNK: 256 4 1
--------------------------------
section          cycles        %
--------------------------------
total:            54604   100.00
init:              4277     7.83
pin:                  4     0.01
gemmini:           4408     8.07
cpu:              36177    66.25
verify:            9738    17.83
--------------------------------
STATUS: PASS
--------------------------------

--------------------------------
SUMMARY FOR MNK: 256 4 4
--------------------------------
section          cycles        %
--------------------------------
total:            85336   100.00
init:              4328     5.07
pin:                  4     0.00
gemmini:           4363     5.11
cpu:              66888    78.38
verify:            9753    11.43
--------------------------------
STATUS: PASS
--------------------------------

--------------------------------
SUMMARY FOR MNK: 256 4 16
--------------------------------
section          cycles        %
--------------------------------
total:           221409   100.00
init:             10699     4.83
pin:                  4     0.00
gemmini:           4749     2.14
cpu:             196257    88.64
verify:            9700     4.38
--------------------------------
STATUS: PASS
--------------------------------

--------------------------------
SUMMARY FOR MNK: 256 4 64
--------------------------------
section          cycles        %
--------------------------------
total:           731409   100.00
init:             23760     3.25
pin:                  5     0.00
gemmini:           7502     1.03
cpu:             690412    94.39
verify:            9730     1.33
--------------------------------
STATUS: PASS
--------------------------------

--------------------------------
SUMMARY FOR MNK: 256 4 256
--------------------------------
section          cycles        %
--------------------------------
total:          2771308   100.00
init:             78154     2.82
pin:                  4     0.00
gemmini:          15028     0.54
cpu:            2668413    96.29
verify:            9709     0.35
--------------------------------
STATUS: PASS
--------------------------------

--------------------------------
SUMMARY FOR MNK: 64 16 1
--------------------------------
section          cycles        %
--------------------------------
total:            45591   100.00
init:              3947     8.66
pin:                  5     0.01
gemmini:           2060     4.52
cpu:              32299    70.85
verify:            7280    15.97
--------------------------------
STATUS: PASS
--------------------------------

--------------------------------
SUMMARY FOR MNK: 64 16 4
--------------------------------
section          cycles        %
--------------------------------
total:            76093   100.00
init:              3723     4.89
pin:                  5     0.01
gemmini:           2089     2.75
cpu:              63015    82.81
verify:            7261     9.54
--------------------------------
STATUS: PASS
--------------------------------

--------------------------------
SUMMARY FOR MNK: 64 16 16
--------------------------------
section          cycles        %
--------------------------------
total:           206292   100.00
init:              4623     2.24
pin:                  5     0.00
gemmini:           2167     1.05
cpu:             192093    93.12
verify:            7404     3.59
--------------------------------
STATUS: PASS
--------------------------------

--------------------------------
SUMMARY FOR MNK: 64 16 64
--------------------------------
section          cycles        %
--------------------------------
total:           701391   100.00
init:              7040     1.00
pin:                  4     0.00
gemmini:           3009     0.43
cpu:             684076    97.53
verify:            7262     1.04
--------------------------------
STATUS: PASS
--------------------------------

--------------------------------
SUMMARY FOR MNK: 64 16 256
--------------------------------
section          cycles        %
--------------------------------
total:          2684143   100.00
init:             16537     0.62
pin:                  4     0.00
gemmini:           5529     0.21
cpu:            2654762    98.91
verify:            7311     0.27
--------------------------------
STATUS: PASS
--------------------------------

--------------------------------
SUMMARY FOR MNK: 32 32 1
--------------------------------
section          cycles        %
--------------------------------
total:            44405   100.00
init:              3849     8.67
pin:                  5     0.01
gemmini:           2073     4.67
cpu:              31597    71.16
verify:            6881    15.50
--------------------------------
STATUS: PASS
--------------------------------

--------------------------------
SUMMARY FOR MNK: 32 32 4
--------------------------------
section          cycles        %
--------------------------------
total:            75071   100.00
init:              3789     5.05
pin:                  4     0.01
gemmini:           2106     2.81
cpu:              62315    83.01
verify:            6857     9.13
--------------------------------
STATUS: PASS
--------------------------------

--------------------------------
SUMMARY FOR MNK: 32 32 16
--------------------------------
section          cycles        %
--------------------------------
total:           204456   100.00
init:              4099     2.00
pin:                  4     0.00
gemmini:           2122     1.04
cpu:             191350    93.59
verify:            6881     3.37
--------------------------------
STATUS: PASS
--------------------------------

--------------------------------
SUMMARY FOR MNK: 32 32 64
--------------------------------
section          cycles        %
--------------------------------
total:           699729   100.00
init:              6525     0.93
pin:                  5     0.00
gemmini:           2932     0.42
cpu:             683363    97.66
verify:            6904     0.99
--------------------------------
STATUS: PASS
--------------------------------

--------------------------------
SUMMARY FOR MNK: 32 32 256
--------------------------------
section          cycles        %
--------------------------------
total:          2680121   100.00
init:             13559     0.51
pin:                  4     0.00
gemmini:           5872     0.22
cpu:            2653797    99.02
verify:            6889     0.26
--------------------------------
STATUS: PASS
--------------------------------

--------------------------------
SUMMARY FOR MNK: 16 64 1
--------------------------------
section          cycles        %
--------------------------------
total:            43906   100.00
init:              3834     8.73
pin:                  5     0.01
gemmini:           2120     4.83
cpu:              31277    71.24
verify:            6670    15.19
--------------------------------
STATUS: PASS
--------------------------------

--------------------------------
SUMMARY FOR MNK: 16 64 4
--------------------------------
section          cycles        %
--------------------------------
total:            74523   100.00
init:              3775     5.07
pin:                  4     0.01
gemmini:           2080     2.79
cpu:              61992    83.19
verify:            6672     8.95
--------------------------------
STATUS: PASS
--------------------------------

--------------------------------
SUMMARY FOR MNK: 16 64 16
--------------------------------
section          cycles        %
--------------------------------
total:           204919   100.00
init:              4819     2.35
pin:                  4     0.00
gemmini:           2132     1.04
cpu:             191207    93.31
verify:            6757     3.30
--------------------------------
STATUS: PASS
--------------------------------

--------------------------------
SUMMARY FOR MNK: 16 64 64
--------------------------------
section          cycles        %
--------------------------------
total:           700050   100.00
init:              6859     0.98
pin:                  4     0.00
gemmini:           3157     0.45
cpu:             683408    97.62
verify:            6622     0.95
--------------------------------
STATUS: PASS
--------------------------------

--------------------------------
SUMMARY FOR MNK: 16 64 256
--------------------------------
section          cycles        %
--------------------------------
total:          2874436   100.00
init:             16066     0.56
pin:                  4     0.00
gemmini:           6101     0.21
cpu:            2845482    98.99
verify:            6783     0.24
--------------------------------
STATUS: PASS
--------------------------------

--------------------------------
SUMMARY FOR MNK: 4 256 1
--------------------------------
section          cycles        %
--------------------------------
total:            46010   100.00
init:              4331     9.41
pin:                  4     0.01
gemmini:           4041     8.78
cpu:              31155    67.71
verify:            6479    14.08
--------------------------------
STATUS: PASS
--------------------------------

--------------------------------
SUMMARY FOR MNK: 4 256 4
--------------------------------
section          cycles        %
--------------------------------
total:            76678   100.00
init:              4177     5.45
pin:                  4     0.01
gemmini:           4120     5.37
cpu:              61871    80.69
verify:            6506     8.48
--------------------------------
STATUS: PASS
--------------------------------

--------------------------------
SUMMARY FOR MNK: 4 256 16
--------------------------------
section          cycles        %
--------------------------------
total:           209571   100.00
init:              7221     3.45
pin:                  5     0.00
gemmini:           4595     2.19
cpu:             191273    91.27
verify:            6477     3.09
--------------------------------
STATUS: PASS
--------------------------------

--------------------------------
SUMMARY FOR MNK: 4 256 64
--------------------------------
section          cycles        %
--------------------------------
total:           738266   100.00
init:             13549     1.84
pin:                  5     0.00
gemmini:           7713     1.04
cpu:             710396    96.22
verify:            6603     0.89
--------------------------------
STATUS: PASS
--------------------------------

--------------------------------
SUMMARY FOR MNK: 4 256 256
--------------------------------
section          cycles        %
--------------------------------
total:          5854474   100.00
init:             44818     0.77
pin:                  4     0.00
gemmini:          18746     0.32
cpu:            5784274    98.80
verify:            6632     0.11
--------------------------------
STATUS: PASS
--------------------------------

--------------------------------
SUMMARY FOR MNK: 1 1024 1
--------------------------------
section          cycles        %
--------------------------------
total:            53978   100.00
init:              4556     8.44
pin:                  4     0.01
gemmini:          11765    21.80
cpu:              31205    57.81
verify:            6448    11.95
--------------------------------
STATUS: PASS
--------------------------------

--------------------------------
SUMMARY FOR MNK: 1 1024 4
--------------------------------
section          cycles        %
--------------------------------
total:            88109   100.00
init:              7188     8.16
pin:                  5     0.01
gemmini:          12105    13.74
cpu:              62399    70.82
verify:            6412     7.28
--------------------------------
STATUS: PASS
--------------------------------

--------------------------------
SUMMARY FOR MNK: 1 1024 16
--------------------------------
section          cycles        %
--------------------------------
total:           235421   100.00
init:             13712     5.82
pin:                  5     0.00
gemmini:          13143     5.58
cpu:             202048    85.82
verify:            6513     2.77
--------------------------------
STATUS: PASS
--------------------------------

--------------------------------
SUMMARY FOR MNK: 1 1024 64
--------------------------------
section          cycles        %
--------------------------------
total:          1537672   100.00
init:             44109     2.87
pin:                  4     0.00
gemmini:          22910     1.49
cpu:            1464142    95.22
verify:            6507     0.42
--------------------------------
STATUS: PASS
--------------------------------

--------------------------------
SUMMARY FOR MNK: 1 1024 256
--------------------------------
section          cycles        %
--------------------------------
total:          6779810   100.00
init:            292396     4.31
pin:                  4     0.00
gemmini:          69612     1.03
cpu:            6411319    94.56
verify:            6479     0.10
--------------------------------
STATUS: PASS
--------------------------------

*** PASSED *** Completed after 47363752 cycles
[UART] UART0 is here (stdin/stdout).
[INFO]: 2020-04-09_00-50-37__pk__orig_tiler__hw_g1_dse5__gemm-pk succeeded in 1770 seconds
