bbl loader
--------------------------------
SUMMARY FOR MNK: 1024 1 1
--------------------------------
section          cycles        %
--------------------------------
total:            82178   100.00
init:             16244    19.77
pin:                  4     0.00
gemmini:           4480     5.45
cpu:              45672    55.58
verify:           15778    19.20
--------------------------------
STATUS: PASS
--------------------------------

--------------------------------
SUMMARY FOR MNK: 1024 1 4
--------------------------------
section          cycles        %
--------------------------------
total:           109348   100.00
init:             11707    10.71
pin:                  4     0.00
gemmini:           4720     4.32
cpu:              77178    70.58
verify:           15739    14.39
--------------------------------
STATUS: PASS
--------------------------------

--------------------------------
SUMMARY FOR MNK: 1024 1 16
--------------------------------
section          cycles        %
--------------------------------
total:           259048   100.00
init:             27979    10.80
pin:                  4     0.00
gemmini:           6181     2.39
cpu:             209113    80.72
verify:           15771     6.09
--------------------------------
STATUS: PASS
--------------------------------

--------------------------------
SUMMARY FOR MNK: 1024 1 64
--------------------------------
section          cycles        %
--------------------------------
total:           835143   100.00
init:             91430    10.95
pin:                  4     0.00
gemmini:          12473     1.49
cpu:             715362    85.66
verify:           15874     1.90
--------------------------------
STATUS: PASS
--------------------------------

--------------------------------
SUMMARY FOR MNK: 1024 1 256
--------------------------------
section          cycles        %
--------------------------------
total:          3135330   100.00
init:            344763    11.00
pin:                  4     0.00
gemmini:          39535     1.26
cpu:            2735054    87.23
verify:           15974     0.51
--------------------------------
STATUS: PASS
--------------------------------

--------------------------------
SUMMARY FOR MNK: 256 4 1
--------------------------------
section          cycles        %
--------------------------------
total:            52842   100.00
init:              5083     9.62
pin:                  4     0.01
gemmini:           1756     3.32
cpu:              36187    68.48
verify:            9812    18.57
--------------------------------
STATUS: PASS
--------------------------------

--------------------------------
SUMMARY FOR MNK: 256 4 4
--------------------------------
section          cycles        %
--------------------------------
total:            83083   100.00
init:              4603     5.54
pin:                  4     0.00
gemmini:           1795     2.16
cpu:              67041    80.69
verify:            9640    11.60
--------------------------------
STATUS: PASS
--------------------------------

--------------------------------
SUMMARY FOR MNK: 256 4 16
--------------------------------
section          cycles        %
--------------------------------
total:           220407   100.00
init:             11849     5.38
pin:                  4     0.00
gemmini:           2158     0.98
cpu:             196655    89.22
verify:            9741     4.42
--------------------------------
STATUS: PASS
--------------------------------

--------------------------------
SUMMARY FOR MNK: 256 4 64
--------------------------------
section          cycles        %
--------------------------------
total:           732948   100.00
init:             27107     3.70
pin:                  4     0.00
gemmini:           4419     0.60
cpu:             691523    94.35
verify:            9895     1.35
--------------------------------
STATUS: PASS
--------------------------------

--------------------------------
SUMMARY FOR MNK: 256 4 256
--------------------------------
section          cycles        %
--------------------------------
total:          2782065   100.00
init:             87240     3.14
pin:                  4     0.00
gemmini:          10905     0.39
cpu:            2674005    96.12
verify:            9911     0.36
--------------------------------
STATUS: PASS
--------------------------------

--------------------------------
SUMMARY FOR MNK: 64 16 1
--------------------------------
section          cycles        %
--------------------------------
total:            46755   100.00
init:              4568     9.77
pin:                  4     0.01
gemmini:           1326     2.84
cpu:              32330    69.15
verify:            8527    18.24
--------------------------------
STATUS: PASS
--------------------------------

--------------------------------
SUMMARY FOR MNK: 64 16 4
--------------------------------
section          cycles        %
--------------------------------
total:            77017   100.00
init:              4173     5.42
pin:                  4     0.01
gemmini:           1469     1.91
cpu:              62884    81.65
verify:            8487    11.02
--------------------------------
STATUS: PASS
--------------------------------

--------------------------------
SUMMARY FOR MNK: 64 16 16
--------------------------------
section          cycles        %
--------------------------------
total:           207597   100.00
init:              5214     2.51
pin:                  4     0.00
gemmini:           1498     0.72
cpu:             192201    92.58
verify:            8680     4.18
--------------------------------
STATUS: PASS
--------------------------------

--------------------------------
SUMMARY FOR MNK: 64 16 64
--------------------------------
section          cycles        %
--------------------------------
total:           703022   100.00
init:              7799     1.11
pin:                  4     0.00
gemmini:           2323     0.33
cpu:             684358    97.35
verify:            8538     1.21
--------------------------------
STATUS: PASS
--------------------------------

--------------------------------
SUMMARY FOR MNK: 64 16 256
--------------------------------
section          cycles        %
--------------------------------
total:          2689205   100.00
init:             19950     0.74
pin:                  4     0.00
gemmini:           4485     0.17
cpu:            2656237    98.77
verify:            8529     0.32
--------------------------------
STATUS: PASS
--------------------------------

--------------------------------
SUMMARY FOR MNK: 32 32 1
--------------------------------
section          cycles        %
--------------------------------
total:            45320   100.00
init:              4210     9.29
pin:                  4     0.01
gemmini:           1381     3.05
cpu:              31689    69.92
verify:            8036    17.73
--------------------------------
STATUS: PASS
--------------------------------

--------------------------------
SUMMARY FOR MNK: 32 32 4
--------------------------------
section          cycles        %
--------------------------------
total:            76024   100.00
init:              4163     5.48
pin:                  4     0.01
gemmini:           1384     1.82
cpu:              62450    82.15
verify:            8023    10.55
--------------------------------
STATUS: PASS
--------------------------------

--------------------------------
SUMMARY FOR MNK: 32 32 16
--------------------------------
section          cycles        %
--------------------------------
total:           205381   100.00
init:              4436     2.16
pin:                  4     0.00
gemmini:           1592     0.78
cpu:             191338    93.16
verify:            8011     3.90
--------------------------------
STATUS: PASS
--------------------------------

--------------------------------
SUMMARY FOR MNK: 32 32 64
--------------------------------
section          cycles        %
--------------------------------
total:           701376   100.00
init:              7668     1.09
pin:                  4     0.00
gemmini:           2096     0.30
cpu:             683562    97.46
verify:            8046     1.15
--------------------------------
STATUS: PASS
--------------------------------

--------------------------------
SUMMARY FOR MNK: 32 32 256
--------------------------------
section          cycles        %
--------------------------------
total:          2685731   100.00
init:             16072     0.60
pin:                  4     0.00
gemmini:           4149     0.15
cpu:            2657444    98.95
verify:            8062     0.30
--------------------------------
STATUS: PASS
--------------------------------

--------------------------------
SUMMARY FOR MNK: 16 64 1
--------------------------------
section          cycles        %
--------------------------------
total:            45260   100.00
init:              4483     9.90
pin:                  4     0.01
gemmini:           1547     3.42
cpu:              31429    69.44
verify:            7797    17.23
--------------------------------
STATUS: PASS
--------------------------------

--------------------------------
SUMMARY FOR MNK: 16 64 4
--------------------------------
section          cycles        %
--------------------------------
total:            75901   100.00
init:              4248     5.60
pin:                  4     0.01
gemmini:           1652     2.18
cpu:              62151    81.88
verify:            7846    10.34
--------------------------------
STATUS: PASS
--------------------------------

--------------------------------
SUMMARY FOR MNK: 16 64 16
--------------------------------
section          cycles        %
--------------------------------
total:           206239   100.00
init:              5268     2.55
pin:                  4     0.00
gemmini:           1804     0.87
cpu:             191311    92.76
verify:            7852     3.81
--------------------------------
STATUS: PASS
--------------------------------

--------------------------------
SUMMARY FOR MNK: 16 64 64
--------------------------------
section          cycles        %
--------------------------------
total:           701963   100.00
init:              7891     1.12
pin:                  4     0.00
gemmini:           2731     0.39
cpu:             683526    97.37
verify:            7811     1.11
--------------------------------
STATUS: PASS
--------------------------------

--------------------------------
SUMMARY FOR MNK: 16 64 256
--------------------------------
section          cycles        %
--------------------------------
total:          2974750   100.00
init:             19332     0.65
pin:                  4     0.00
gemmini:           6021     0.20
cpu:            2941420    98.88
verify:            7973     0.27
--------------------------------
STATUS: PASS
--------------------------------

--------------------------------
SUMMARY FOR MNK: 4 256 1
--------------------------------
section          cycles        %
--------------------------------
total:            46114   100.00
init:              4801    10.41
pin:                  4     0.01
gemmini:           2545     5.52
cpu:              31147    67.54
verify:            7617    16.52
--------------------------------
STATUS: PASS
--------------------------------

--------------------------------
SUMMARY FOR MNK: 4 256 4
--------------------------------
section          cycles        %
--------------------------------
total:            76973   100.00
init:              4488     5.83
pin:                  4     0.01
gemmini:           2725     3.54
cpu:              62146    80.74
verify:            7610     9.89
--------------------------------
STATUS: PASS
--------------------------------

--------------------------------
SUMMARY FOR MNK: 4 256 16
--------------------------------
section          cycles        %
--------------------------------
total:           211234   100.00
init:              8503     4.03
pin:                  4     0.00
gemmini:           3585     1.70
cpu:             191566    90.69
verify:            7576     3.59
--------------------------------
STATUS: PASS
--------------------------------

--------------------------------
SUMMARY FOR MNK: 4 256 64
--------------------------------
section          cycles        %
--------------------------------
total:           758194   100.00
init:             15899     2.10
pin:                  4     0.00
gemmini:           5886     0.78
cpu:             728593    96.10
verify:            7812     1.03
--------------------------------
STATUS: PASS
--------------------------------

--------------------------------
SUMMARY FOR MNK: 4 256 256
--------------------------------
section          cycles        %
--------------------------------
total:          6908807   100.00
init:             54971     0.80
pin:                  4     0.00
gemmini:          13465     0.19
cpu:            6832575    98.90
verify:            7792     0.11
--------------------------------
STATUS: PASS
--------------------------------

--------------------------------
SUMMARY FOR MNK: 1 1024 1
--------------------------------
section          cycles        %
--------------------------------
total:            50399   100.00
init:              5099    10.12
pin:                  4     0.01
gemmini:           6597    13.09
cpu:              31144    61.79
verify:            7555    14.99
--------------------------------
STATUS: PASS
--------------------------------

--------------------------------
SUMMARY FOR MNK: 1 1024 4
--------------------------------
section          cycles        %
--------------------------------
total:            85749   100.00
init:              7778     9.07
pin:                  4     0.00
gemmini:           7817     9.12
cpu:              62582    72.98
verify:            7568     8.83
--------------------------------
STATUS: PASS
--------------------------------

--------------------------------
SUMMARY FOR MNK: 1 1024 16
--------------------------------
section          cycles        %
--------------------------------
total:           239164   100.00
init:             16068     6.72
pin:                  4     0.00
gemmini:           9982     4.17
cpu:             205408    85.89
verify:            7702     3.22
--------------------------------
STATUS: PASS
--------------------------------

--------------------------------
SUMMARY FOR MNK: 1 1024 64
--------------------------------
section          cycles        %
--------------------------------
total:          1806000   100.00
init:             54233     3.00
pin:                  4     0.00
gemmini:          17229     0.95
cpu:            1726866    95.62
verify:            7668     0.42
--------------------------------
STATUS: PASS
--------------------------------

--------------------------------
SUMMARY FOR MNK: 1 1024 256
--------------------------------
section          cycles        %
--------------------------------
total:          7848322   100.00
init:            322862     4.11
pin:                  4     0.00
gemmini:          47278     0.60
cpu:            7470551    95.19
verify:            7627     0.10
--------------------------------
STATUS: PASS
--------------------------------

*** PASSED *** Completed after 50029613 cycles
[UART] UART0 is here (stdin/stdout).
[INFO]: 2020-04-09_10-13-45__pk__hw_tiler__hw_g2_dse4__gemm-pk succeeded in 1775 seconds
