bbl loader
--------------------------------
SUMMARY FOR MNK: 1024 1 1
--------------------------------
section          cycles        %
--------------------------------
total:            86910   100.00
init:             15279    17.58
pin:                  4     0.00
gemmini:          10518    12.10
cpu:              45407    52.25
verify:           15702    18.07
--------------------------------
STATUS: PASS
--------------------------------

--------------------------------
SUMMARY FOR MNK: 1024 1 4
--------------------------------
section          cycles        %
--------------------------------
total:           118432   100.00
init:             11805     9.97
pin:                  4     0.00
gemmini:          10792     9.11
cpu:              80144    67.67
verify:           15687    13.25
--------------------------------
STATUS: PASS
--------------------------------

--------------------------------
SUMMARY FOR MNK: 1024 1 16
--------------------------------
section          cycles        %
--------------------------------
total:           277848   100.00
init:             25495     9.18
pin:                  4     0.00
gemmini:          11733     4.22
cpu:             224846    80.92
verify:           15770     5.68
--------------------------------
STATUS: PASS
--------------------------------

--------------------------------
SUMMARY FOR MNK: 1024 1 64
--------------------------------
section          cycles        %
--------------------------------
total:           897573   100.00
init:             85595     9.54
pin:                  4     0.00
gemmini:          18955     2.11
cpu:             777231    86.59
verify:           15788     1.76
--------------------------------
STATUS: PASS
--------------------------------

--------------------------------
SUMMARY FOR MNK: 1024 1 256
--------------------------------
section          cycles        %
--------------------------------
total:          3379643   100.00
init:            323692     9.58
pin:                  4     0.00
gemmini:          55298     1.64
cpu:            2984776    88.32
verify:           15873     0.47
--------------------------------
STATUS: PASS
--------------------------------

--------------------------------
SUMMARY FOR MNK: 256 4 1
--------------------------------
section          cycles        %
--------------------------------
total:            54008   100.00
init:              4401     8.15
pin:                  4     0.01
gemmini:           3721     6.89
cpu:              36136    66.91
verify:            9746    18.05
--------------------------------
STATUS: PASS
--------------------------------

--------------------------------
SUMMARY FOR MNK: 256 4 4
--------------------------------
section          cycles        %
--------------------------------
total:            87723   100.00
init:              4261     4.86
pin:                  7     0.01
gemmini:           3782     4.31
cpu:              69932    79.72
verify:            9741    11.10
--------------------------------
STATUS: PASS
--------------------------------

--------------------------------
SUMMARY FOR MNK: 256 4 16
--------------------------------
section          cycles        %
--------------------------------
total:           234544   100.00
init:              8120     3.46
pin:                  4     0.00
gemmini:           3952     1.68
cpu:             212873    90.76
verify:            9595     4.09
--------------------------------
STATUS: PASS
--------------------------------

--------------------------------
SUMMARY FOR MNK: 256 4 64
--------------------------------
section          cycles        %
--------------------------------
total:           796382   100.00
init:             24093     3.03
pin:                  4     0.00
gemmini:           6375     0.80
cpu:             756247    94.96
verify:            9663     1.21
--------------------------------
STATUS: PASS
--------------------------------

--------------------------------
SUMMARY FOR MNK: 256 4 256
--------------------------------
section          cycles        %
--------------------------------
total:          3034690   100.00
init:             78328     2.58
pin:                  4     0.00
gemmini:          14692     0.48
cpu:            2931811    96.61
verify:            9855     0.32
--------------------------------
STATUS: PASS
--------------------------------

--------------------------------
SUMMARY FOR MNK: 64 16 1
--------------------------------
section          cycles        %
--------------------------------
total:            46984   100.00
init:              4055     8.63
pin:                  4     0.01
gemmini:           2131     4.54
cpu:              32354    68.86
verify:            8440    17.96
--------------------------------
STATUS: PASS
--------------------------------

--------------------------------
SUMMARY FOR MNK: 64 16 4
--------------------------------
section          cycles        %
--------------------------------
total:            80451   100.00
init:              3784     4.70
pin:                  4     0.00
gemmini:           2141     2.66
cpu:              66074    82.13
verify:            8448    10.50
--------------------------------
STATUS: PASS
--------------------------------

--------------------------------
SUMMARY FOR MNK: 64 16 16
--------------------------------
section          cycles        %
--------------------------------
total:           223929   100.00
init:              4660     2.08
pin:                  7     0.00
gemmini:           2187     0.98
cpu:             208572    93.14
verify:            8503     3.80
--------------------------------
STATUS: PASS
--------------------------------

--------------------------------
SUMMARY FOR MNK: 64 16 64
--------------------------------
section          cycles        %
--------------------------------
total:           768101   100.00
init:              6866     0.89
pin:                  4     0.00
gemmini:           3180     0.41
cpu:             749594    97.59
verify:            8457     1.10
--------------------------------
STATUS: PASS
--------------------------------

--------------------------------
SUMMARY FOR MNK: 64 16 256
--------------------------------
section          cycles        %
--------------------------------
total:          2948902   100.00
init:             16582     0.56
pin:                  4     0.00
gemmini:           6216     0.21
cpu:            2917590    98.94
verify:            8510     0.29
--------------------------------
STATUS: PASS
--------------------------------

--------------------------------
SUMMARY FOR MNK: 32 32 1
--------------------------------
section          cycles        %
--------------------------------
total:            45510   100.00
init:              3756     8.25
pin:                  4     0.01
gemmini:           2171     4.77
cpu:              31561    69.35
verify:            8018    17.62
--------------------------------
STATUS: PASS
--------------------------------

--------------------------------
SUMMARY FOR MNK: 32 32 4
--------------------------------
section          cycles        %
--------------------------------
total:            79453   100.00
init:              3791     4.77
pin:                  4     0.01
gemmini:           2175     2.74
cpu:              65548    82.50
verify:            7935     9.99
--------------------------------
STATUS: PASS
--------------------------------

--------------------------------
SUMMARY FOR MNK: 32 32 16
--------------------------------
section          cycles        %
--------------------------------
total:           222054   100.00
init:              4124     1.86
pin:                  4     0.00
gemmini:           2225     1.00
cpu:             207735    93.55
verify:            7966     3.59
--------------------------------
STATUS: PASS
--------------------------------

--------------------------------
SUMMARY FOR MNK: 32 32 64
--------------------------------
section          cycles        %
--------------------------------
total:           766707   100.00
init:              6578     0.86
pin:                  4     0.00
gemmini:           3100     0.40
cpu:             749014    97.69
verify:            8011     1.04
--------------------------------
STATUS: PASS
--------------------------------

--------------------------------
SUMMARY FOR MNK: 32 32 256
--------------------------------
section          cycles        %
--------------------------------
total:          2944829   100.00
init:             13510     0.46
pin:                  5     0.00
gemmini:           6426     0.22
cpu:            2916898    99.05
verify:            7990     0.27
--------------------------------
STATUS: PASS
--------------------------------

--------------------------------
SUMMARY FOR MNK: 16 64 1
--------------------------------
section          cycles        %
--------------------------------
total:            45075   100.00
init:              3808     8.45
pin:                  4     0.01
gemmini:           2233     4.95
cpu:              31286    69.41
verify:            7744    17.18
--------------------------------
STATUS: PASS
--------------------------------

--------------------------------
SUMMARY FOR MNK: 16 64 4
--------------------------------
section          cycles        %
--------------------------------
total:            78987   100.00
init:              3817     4.83
pin:                  5     0.01
gemmini:           2217     2.81
cpu:              65152    82.48
verify:            7796     9.87
--------------------------------
STATUS: PASS
--------------------------------

--------------------------------
SUMMARY FOR MNK: 16 64 16
--------------------------------
section          cycles        %
--------------------------------
total:           222364   100.00
init:              4696     2.11
pin:                  4     0.00
gemmini:           2213     1.00
cpu:             207568    93.35
verify:            7883     3.55
--------------------------------
STATUS: PASS
--------------------------------

--------------------------------
SUMMARY FOR MNK: 16 64 64
--------------------------------
section          cycles        %
--------------------------------
total:           766843   100.00
init:              7001     0.91
pin:                  4     0.00
gemmini:           3205     0.42
cpu:             748892    97.66
verify:            7741     1.01
--------------------------------
STATUS: PASS
--------------------------------

--------------------------------
SUMMARY FOR MNK: 16 64 256
--------------------------------
section          cycles        %
--------------------------------
total:          3154997   100.00
init:             16160     0.51
pin:                  4     0.00
gemmini:           7071     0.22
cpu:            3123857    99.01
verify:            7905     0.25
--------------------------------
STATUS: PASS
--------------------------------

--------------------------------
SUMMARY FOR MNK: 4 256 1
--------------------------------
section          cycles        %
--------------------------------
total:            46969   100.00
init:              4292     9.14
pin:                  4     0.01
gemmini:           3771     8.03
cpu:              31309    66.66
verify:            7593    16.17
--------------------------------
STATUS: PASS
--------------------------------

--------------------------------
SUMMARY FOR MNK: 4 256 4
--------------------------------
section          cycles        %
--------------------------------
total:            80578   100.00
init:              4153     5.15
pin:                  4     0.00
gemmini:           3785     4.70
cpu:              65061    80.74
verify:            7575     9.40
--------------------------------
STATUS: PASS
--------------------------------

--------------------------------
SUMMARY FOR MNK: 4 256 16
--------------------------------
section          cycles        %
--------------------------------
total:           226781   100.00
init:              7186     3.17
pin:                  4     0.00
gemmini:           4229     1.86
cpu:             207850    91.65
verify:            7512     3.31
--------------------------------
STATUS: PASS
--------------------------------

--------------------------------
SUMMARY FOR MNK: 4 256 64
--------------------------------
section          cycles        %
--------------------------------
total:           806766   100.00
init:             13647     1.69
pin:                  4     0.00
gemmini:           7121     0.88
cpu:             778294    96.47
verify:            7700     0.95
--------------------------------
STATUS: PASS
--------------------------------

--------------------------------
SUMMARY FOR MNK: 4 256 256
--------------------------------
section          cycles        %
--------------------------------
total:          6377292   100.00
init:             44817     0.70
pin:                  4     0.00
gemmini:          18921     0.30
cpu:            6305845    98.88
verify:            7705     0.12
--------------------------------
STATUS: PASS
--------------------------------

--------------------------------
SUMMARY FOR MNK: 1 1024 1
--------------------------------
section          cycles        %
--------------------------------
total:            53561   100.00
init:              4575     8.54
pin:                  4     0.01
gemmini:          10409    19.43
cpu:              31083    58.03
verify:            7490    13.98
--------------------------------
STATUS: PASS
--------------------------------

--------------------------------
SUMMARY FOR MNK: 1 1024 4
--------------------------------
section          cycles        %
--------------------------------
total:            90609   100.00
init:              6920     7.64
pin:                  4     0.00
gemmini:          10728    11.84
cpu:              65494    72.28
verify:            7463     8.24
--------------------------------
STATUS: PASS
--------------------------------

--------------------------------
SUMMARY FOR MNK: 1 1024 16
--------------------------------
section          cycles        %
--------------------------------
total:           251364   100.00
init:             13474     5.36
pin:                  4     0.00
gemmini:          11486     4.57
cpu:             218778    87.04
verify:            7622     3.03
--------------------------------
STATUS: PASS
--------------------------------

--------------------------------
SUMMARY FOR MNK: 1 1024 64
--------------------------------
section          cycles        %
--------------------------------
total:          1667735   100.00
init:             44110     2.64
pin:                  4     0.00
gemmini:          21119     1.27
cpu:            1594941    95.64
verify:            7561     0.45
--------------------------------
STATUS: PASS
--------------------------------

--------------------------------
SUMMARY FOR MNK: 1 1024 256
--------------------------------
section          cycles        %
--------------------------------
total:          7358781   100.00
init:            292640     3.98
pin:                  4     0.00
gemmini:          68547     0.93
cpu:            6990058    94.99
verify:            7532     0.10
--------------------------------
STATUS: PASS
--------------------------------

*** PASSED *** Completed after 50395003 cycles
[UART] UART0 is here (stdin/stdout).
[INFO]: 2020-04-09_08-24-11__pk__orig_tiler__hw_g1_dse7__gemm-pk succeeded in 1703 seconds
