bbl loader
--------------------------------
SUMMARY FOR MNK: 1024 1 1
--------------------------------
section          cycles        %
--------------------------------
total:            80652   100.00
init:             15062    18.68
pin:                  4     0.00
gemmini:           4399     5.45
cpu:              45518    56.44
verify:           15669    19.43
--------------------------------
STATUS: PASS
--------------------------------

--------------------------------
SUMMARY FOR MNK: 1024 1 4
--------------------------------
section          cycles        %
--------------------------------
total:           108349   100.00
init:             10873    10.04
pin:                  4     0.00
gemmini:           4846     4.47
cpu:              76919    70.99
verify:           15707    14.50
--------------------------------
STATUS: PASS
--------------------------------

--------------------------------
SUMMARY FOR MNK: 1024 1 16
--------------------------------
section          cycles        %
--------------------------------
total:           254677   100.00
init:             25725    10.10
pin:                  4     0.00
gemmini:           5124     2.01
cpu:             208089    81.71
verify:           15735     6.18
--------------------------------
STATUS: PASS
--------------------------------

--------------------------------
SUMMARY FOR MNK: 1024 1 64
--------------------------------
section          cycles        %
--------------------------------
total:           822459   100.00
init:             85916    10.45
pin:                  4     0.00
gemmini:          10290     1.25
cpu:             710485    86.39
verify:           15764     1.92
--------------------------------
STATUS: PASS
--------------------------------

--------------------------------
SUMMARY FOR MNK: 1024 1 256
--------------------------------
section          cycles        %
--------------------------------
total:          3093342   100.00
init:            324131    10.48
pin:                  4     0.00
gemmini:          37074     1.20
cpu:            2716260    87.81
verify:           15873     0.51
--------------------------------
STATUS: PASS
--------------------------------

--------------------------------
SUMMARY FOR MNK: 256 4 1
--------------------------------
section          cycles        %
--------------------------------
total:            51668   100.00
init:              4459     8.63
pin:                  4     0.01
gemmini:           1449     2.80
cpu:              36140    69.95
verify:            9616    18.61
--------------------------------
STATUS: PASS
--------------------------------

--------------------------------
SUMMARY FOR MNK: 256 4 4
--------------------------------
section          cycles        %
--------------------------------
total:            82363   100.00
init:              4279     5.20
pin:                  4     0.00
gemmini:           1507     1.83
cpu:              66831    81.14
verify:            9742    11.83
--------------------------------
STATUS: PASS
--------------------------------

--------------------------------
SUMMARY FOR MNK: 256 4 16
--------------------------------
section          cycles        %
--------------------------------
total:           218643   100.00
init:             10868     4.97
pin:                  4     0.00
gemmini:           1780     0.81
cpu:             196340    89.80
verify:            9651     4.41
--------------------------------
STATUS: PASS
--------------------------------

--------------------------------
SUMMARY FOR MNK: 256 4 64
--------------------------------
section          cycles        %
--------------------------------
total:           727964   100.00
init:             23936     3.29
pin:                  4     0.00
gemmini:           3772     0.52
cpu:             690548    94.86
verify:            9704     1.33
--------------------------------
STATUS: PASS
--------------------------------

--------------------------------
SUMMARY FOR MNK: 256 4 256
--------------------------------
section          cycles        %
--------------------------------
total:          2766321   100.00
init:             78217     2.83
pin:                  4     0.00
gemmini:           9688     0.35
cpu:            2668614    96.47
verify:            9798     0.35
--------------------------------
STATUS: PASS
--------------------------------

--------------------------------
SUMMARY FOR MNK: 64 16 1
--------------------------------
section          cycles        %
--------------------------------
total:            45792   100.00
init:              4137     9.03
pin:                  4     0.01
gemmini:            921     2.01
cpu:              32280    70.49
verify:            8450    18.45
--------------------------------
STATUS: PASS
--------------------------------

--------------------------------
SUMMARY FOR MNK: 64 16 4
--------------------------------
section          cycles        %
--------------------------------
total:            76215   100.00
init:              3812     5.00
pin:                  4     0.01
gemmini:           1035     1.36
cpu:              62960    82.61
verify:            8404    11.03
--------------------------------
STATUS: PASS
--------------------------------

--------------------------------
SUMMARY FOR MNK: 64 16 16
--------------------------------
section          cycles        %
--------------------------------
total:           206385   100.00
init:              4716     2.29
pin:                  4     0.00
gemmini:           1032     0.50
cpu:             192138    93.10
verify:            8495     4.12
--------------------------------
STATUS: PASS
--------------------------------

--------------------------------
SUMMARY FOR MNK: 64 16 64
--------------------------------
section          cycles        %
--------------------------------
total:           701164   100.00
init:              6933     0.99
pin:                  4     0.00
gemmini:           1821     0.26
cpu:             684000    97.55
verify:            8406     1.20
--------------------------------
STATUS: PASS
--------------------------------

--------------------------------
SUMMARY FOR MNK: 64 16 256
--------------------------------
section          cycles        %
--------------------------------
total:          2683960   100.00
init:             16609     0.62
pin:                  4     0.00
gemmini:           4044     0.15
cpu:            2654844    98.92
verify:            8459     0.32
--------------------------------
STATUS: PASS
--------------------------------

--------------------------------
SUMMARY FOR MNK: 32 32 1
--------------------------------
section          cycles        %
--------------------------------
total:            44347   100.00
init:              3787     8.54
pin:                  4     0.01
gemmini:            950     2.14
cpu:              31641    71.35
verify:            7965    17.96
--------------------------------
STATUS: PASS
--------------------------------

--------------------------------
SUMMARY FOR MNK: 32 32 4
--------------------------------
section          cycles        %
--------------------------------
total:            75162   100.00
init:              3753     4.99
pin:                  4     0.01
gemmini:            979     1.30
cpu:              62429    83.06
verify:            7997    10.64
--------------------------------
STATUS: PASS
--------------------------------

--------------------------------
SUMMARY FOR MNK: 32 32 16
--------------------------------
section          cycles        %
--------------------------------
total:           204437   100.00
init:              4016     1.96
pin:                  4     0.00
gemmini:           1106     0.54
cpu:             191381    93.61
verify:            7930     3.88
--------------------------------
STATUS: PASS
--------------------------------

--------------------------------
SUMMARY FOR MNK: 32 32 64
--------------------------------
section          cycles        %
--------------------------------
total:           699589   100.00
init:              6652     0.95
pin:                  4     0.00
gemmini:           1758     0.25
cpu:             683227    97.66
verify:            7948     1.14
--------------------------------
STATUS: PASS
--------------------------------

--------------------------------
SUMMARY FOR MNK: 32 32 256
--------------------------------
section          cycles        %
--------------------------------
total:          2679695   100.00
init:             13356     0.50
pin:                  4     0.00
gemmini:           4074     0.15
cpu:            2654246    99.05
verify:            8015     0.30
--------------------------------
STATUS: PASS
--------------------------------

--------------------------------
SUMMARY FOR MNK: 16 64 1
--------------------------------
section          cycles        %
--------------------------------
total:            44303   100.00
init:              3919     8.85
pin:                  4     0.01
gemmini:           1352     3.05
cpu:              31278    70.60
verify:            7750    17.49
--------------------------------
STATUS: PASS
--------------------------------

--------------------------------
SUMMARY FOR MNK: 16 64 4
--------------------------------
section          cycles        %
--------------------------------
total:            74854   100.00
init:              3753     5.01
pin:                  4     0.01
gemmini:           1491     1.99
cpu:              61903    82.70
verify:            7703    10.29
--------------------------------
STATUS: PASS
--------------------------------

--------------------------------
SUMMARY FOR MNK: 16 64 16
--------------------------------
section          cycles        %
--------------------------------
total:           205431   100.00
init:              4946     2.41
pin:                  4     0.00
gemmini:           1494     0.73
cpu:             191245    93.09
verify:            7742     3.77
--------------------------------
STATUS: PASS
--------------------------------

--------------------------------
SUMMARY FOR MNK: 16 64 64
--------------------------------
section          cycles        %
--------------------------------
total:           700572   100.00
init:              6942     0.99
pin:                  4     0.00
gemmini:           2607     0.37
cpu:             683301    97.53
verify:            7718     1.10
--------------------------------
STATUS: PASS
--------------------------------

--------------------------------
SUMMARY FOR MNK: 16 64 256
--------------------------------
section          cycles        %
--------------------------------
total:          2897849   100.00
init:             16240     0.56
pin:                  4     0.00
gemmini:           7459     0.26
cpu:            2866290    98.91
verify:            7856     0.27
--------------------------------
STATUS: PASS
--------------------------------

--------------------------------
SUMMARY FOR MNK: 4 256 1
--------------------------------
section          cycles        %
--------------------------------
total:            45162   100.00
init:              4125     9.13
pin:                  4     0.01
gemmini:           2452     5.43
cpu:              31059    68.77
verify:            7522    16.66
--------------------------------
STATUS: PASS
--------------------------------

--------------------------------
SUMMARY FOR MNK: 4 256 4
--------------------------------
section          cycles        %
--------------------------------
total:            76000   100.00
init:              4025     5.30
pin:                  4     0.01
gemmini:           2600     3.42
cpu:              61841    81.37
verify:            7530     9.91
--------------------------------
STATUS: PASS
--------------------------------

--------------------------------
SUMMARY FOR MNK: 4 256 16
--------------------------------
section          cycles        %
--------------------------------
total:           209594   100.00
init:              7346     3.50
pin:                  4     0.00
gemmini:           3572     1.70
cpu:             191127    91.19
verify:            7545     3.60
--------------------------------
STATUS: PASS
--------------------------------

--------------------------------
SUMMARY FOR MNK: 4 256 64
--------------------------------
section          cycles        %
--------------------------------
total:           744182   100.00
init:             13686     1.84
pin:                  4     0.00
gemmini:           7035     0.95
cpu:             715768    96.18
verify:            7689     1.03
--------------------------------
STATUS: PASS
--------------------------------

--------------------------------
SUMMARY FOR MNK: 4 256 256
--------------------------------
section          cycles        %
--------------------------------
total:          5859075   100.00
init:             44836     0.77
pin:                  4     0.00
gemmini:          21138     0.36
cpu:            5785441    98.74
verify:            7656     0.13
--------------------------------
STATUS: PASS
--------------------------------

--------------------------------
SUMMARY FOR MNK: 1 1024 1
--------------------------------
section          cycles        %
--------------------------------
total:            50092   100.00
init:              4475     8.93
pin:                  4     0.01
gemmini:           7069    14.11
cpu:              31081    62.05
verify:            7463    14.90
--------------------------------
STATUS: PASS
--------------------------------

--------------------------------
SUMMARY FOR MNK: 1 1024 4
--------------------------------
section          cycles        %
--------------------------------
total:            86097   100.00
init:              7106     8.25
pin:                  4     0.00
gemmini:           8909    10.35
cpu:              62629    72.74
verify:            7449     8.65
--------------------------------
STATUS: PASS
--------------------------------

--------------------------------
SUMMARY FOR MNK: 1 1024 16
--------------------------------
section          cycles        %
--------------------------------
total:           234536   100.00
init:             13659     5.82
pin:                  4     0.00
gemmini:          11854     5.05
cpu:             201437    85.89
verify:            7582     3.23
--------------------------------
STATUS: PASS
--------------------------------

--------------------------------
SUMMARY FOR MNK: 1 1024 64
--------------------------------
section          cycles        %
--------------------------------
total:          1543602   100.00
init:             44039     2.85
pin:                  4     0.00
gemmini:          26562     1.72
cpu:            1465430    94.94
verify:            7567     0.49
--------------------------------
STATUS: PASS
--------------------------------

--------------------------------
SUMMARY FOR MNK: 1 1024 256
--------------------------------
section          cycles        %
--------------------------------
total:          6796991   100.00
init:            291457     4.29
pin:                  4     0.00
gemmini:          86646     1.27
cpu:            6411361    94.33
verify:            7523     0.11
--------------------------------
STATUS: PASS
--------------------------------

*** PASSED *** Completed after 47245692 cycles
[UART] UART0 is here (stdin/stdout).
[INFO]: 2020-04-09_02-31-26__pk__hw_tiler__hw_g2_dse7__gemm-pk succeeded in 1409 seconds
