bbl loader
--------------------------------
SUMMARY FOR MNK: 1024 1 1
--------------------------------
section          cycles        %
--------------------------------
total:            82548   100.00
init:             16244    19.68
pin:                  4     0.00
gemmini:           4850     5.88
cpu:              45672    55.33
verify:           15778    19.11
--------------------------------
STATUS: PASS
--------------------------------

--------------------------------
SUMMARY FOR MNK: 1024 1 4
--------------------------------
section          cycles        %
--------------------------------
total:           110182   100.00
init:             11867    10.77
pin:                  4     0.00
gemmini:           5387     4.89
cpu:              77140    70.01
verify:           15784    14.33
--------------------------------
STATUS: PASS
--------------------------------

--------------------------------
SUMMARY FOR MNK: 1024 1 16
--------------------------------
section          cycles        %
--------------------------------
total:           259630   100.00
init:             28184    10.86
pin:                  4     0.00
gemmini:           6497     2.50
cpu:             209120    80.55
verify:           15825     6.10
--------------------------------
STATUS: PASS
--------------------------------

--------------------------------
SUMMARY FOR MNK: 1024 1 64
--------------------------------
section          cycles        %
--------------------------------
total:           838531   100.00
init:             91989    10.97
pin:                  4     0.00
gemmini:          15373     1.83
cpu:             715271    85.30
verify:           15894     1.90
--------------------------------
STATUS: PASS
--------------------------------

--------------------------------
SUMMARY FOR MNK: 1024 1 256
--------------------------------
section          cycles        %
--------------------------------
total:          3148395   100.00
init:            346491    11.01
pin:                  4     0.00
gemmini:          50484     1.60
cpu:            2735462    86.88
verify:           15954     0.51
--------------------------------
STATUS: PASS
--------------------------------

--------------------------------
SUMMARY FOR MNK: 256 4 1
--------------------------------
section          cycles        %
--------------------------------
total:            53020   100.00
init:              5294     9.98
pin:                  4     0.01
gemmini:           1744     3.29
cpu:              36275    68.42
verify:            9703    18.30
--------------------------------
STATUS: PASS
--------------------------------

--------------------------------
SUMMARY FOR MNK: 256 4 4
--------------------------------
section          cycles        %
--------------------------------
total:            83478   100.00
init:              4885     5.85
pin:                  4     0.00
gemmini:           1840     2.20
cpu:              67015    80.28
verify:            9734    11.66
--------------------------------
STATUS: PASS
--------------------------------

--------------------------------
SUMMARY FOR MNK: 256 4 16
--------------------------------
section          cycles        %
--------------------------------
total:           220222   100.00
init:             11477     5.21
pin:                  4     0.00
gemmini:           2232     1.01
cpu:             196740    89.34
verify:            9769     4.44
--------------------------------
STATUS: PASS
--------------------------------

--------------------------------
SUMMARY FOR MNK: 256 4 64
--------------------------------
section          cycles        %
--------------------------------
total:           733440   100.00
init:             26849     3.66
pin:                  4     0.00
gemmini:           5482     0.75
cpu:             691403    94.27
verify:            9702     1.32
--------------------------------
STATUS: PASS
--------------------------------

--------------------------------
SUMMARY FOR MNK: 256 4 256
--------------------------------
section          cycles        %
--------------------------------
total:          2784303   100.00
init:             87359     3.14
pin:                  4     0.00
gemmini:          13411     0.48
cpu:            2673511    96.02
verify:           10018     0.36
--------------------------------
STATUS: PASS
--------------------------------

--------------------------------
SUMMARY FOR MNK: 64 16 1
--------------------------------
section          cycles        %
--------------------------------
total:            46836   100.00
init:              4727    10.09
pin:                  4     0.01
gemmini:           1193     2.55
cpu:              32401    69.18
verify:            8511    18.17
--------------------------------
STATUS: PASS
--------------------------------

--------------------------------
SUMMARY FOR MNK: 64 16 4
--------------------------------
section          cycles        %
--------------------------------
total:            77237   100.00
init:              4311     5.58
pin:                  4     0.01
gemmini:           1306     1.69
cpu:              63110    81.71
verify:            8506    11.01
--------------------------------
STATUS: PASS
--------------------------------

--------------------------------
SUMMARY FOR MNK: 64 16 16
--------------------------------
section          cycles        %
--------------------------------
total:           207269   100.00
init:              5240     2.53
pin:                  4     0.00
gemmini:           1447     0.70
cpu:             192071    92.67
verify:            8507     4.10
--------------------------------
STATUS: PASS
--------------------------------

--------------------------------
SUMMARY FOR MNK: 64 16 64
--------------------------------
section          cycles        %
--------------------------------
total:           703117   100.00
init:              7813     1.11
pin:                  4     0.00
gemmini:           2483     0.35
cpu:             684281    97.32
verify:            8536     1.21
--------------------------------
STATUS: PASS
--------------------------------

--------------------------------
SUMMARY FOR MNK: 64 16 256
--------------------------------
section          cycles        %
--------------------------------
total:          2690291   100.00
init:             20027     0.74
pin:                  4     0.00
gemmini:           5131     0.19
cpu:            2656564    98.75
verify:            8565     0.32
--------------------------------
STATUS: PASS
--------------------------------

--------------------------------
SUMMARY FOR MNK: 32 32 1
--------------------------------
section          cycles        %
--------------------------------
total:            45550   100.00
init:              4336     9.52
pin:                  4     0.01
gemmini:           1594     3.50
cpu:              31631    69.44
verify:            7985    17.53
--------------------------------
STATUS: PASS
--------------------------------

--------------------------------
SUMMARY FOR MNK: 32 32 4
--------------------------------
section          cycles        %
--------------------------------
total:            76165   100.00
init:              4146     5.44
pin:                  4     0.01
gemmini:           1565     2.05
cpu:              62404    81.93
verify:            8046    10.56
--------------------------------
STATUS: PASS
--------------------------------

--------------------------------
SUMMARY FOR MNK: 32 32 16
--------------------------------
section          cycles        %
--------------------------------
total:           205746   100.00
init:              4545     2.21
pin:                  4     0.00
gemmini:           1701     0.83
cpu:             191490    93.07
verify:            8006     3.89
--------------------------------
STATUS: PASS
--------------------------------

--------------------------------
SUMMARY FOR MNK: 32 32 64
--------------------------------
section          cycles        %
--------------------------------
total:           701853   100.00
init:              7715     1.10
pin:                  4     0.00
gemmini:           2287     0.33
cpu:             683747    97.42
verify:            8100     1.15
--------------------------------
STATUS: PASS
--------------------------------

--------------------------------
SUMMARY FOR MNK: 32 32 256
--------------------------------
section          cycles        %
--------------------------------
total:          2686084   100.00
init:             15983     0.60
pin:                  4     0.00
gemmini:           5460     0.20
cpu:            2656594    98.90
verify:            8043     0.30
--------------------------------
STATUS: PASS
--------------------------------

--------------------------------
SUMMARY FOR MNK: 16 64 1
--------------------------------
section          cycles        %
--------------------------------
total:            45183   100.00
init:              4556    10.08
pin:                  4     0.01
gemmini:           1426     3.16
cpu:              31386    69.46
verify:            7811    17.29
--------------------------------
STATUS: PASS
--------------------------------

--------------------------------
SUMMARY FOR MNK: 16 64 4
--------------------------------
section          cycles        %
--------------------------------
total:            75696   100.00
init:              4221     5.58
pin:                  4     0.01
gemmini:           1609     2.13
cpu:              62104    82.04
verify:            7758    10.25
--------------------------------
STATUS: PASS
--------------------------------

--------------------------------
SUMMARY FOR MNK: 16 64 16
--------------------------------
section          cycles        %
--------------------------------
total:           206328   100.00
init:              5450     2.64
pin:                  4     0.00
gemmini:           1957     0.95
cpu:             191109    92.62
verify:            7808     3.78
--------------------------------
STATUS: PASS
--------------------------------

--------------------------------
SUMMARY FOR MNK: 16 64 64
--------------------------------
section          cycles        %
--------------------------------
total:           702258   100.00
init:              7758     1.10
pin:                  4     0.00
gemmini:           2880     0.41
cpu:             683894    97.39
verify:            7722     1.10
--------------------------------
STATUS: PASS
--------------------------------

--------------------------------
SUMMARY FOR MNK: 16 64 256
--------------------------------
section          cycles        %
--------------------------------
total:          2975462   100.00
init:             19299     0.65
pin:                  4     0.00
gemmini:           7276     0.24
cpu:            2940870    98.84
verify:            8013     0.27
--------------------------------
STATUS: PASS
--------------------------------

--------------------------------
SUMMARY FOR MNK: 4 256 1
--------------------------------
section          cycles        %
--------------------------------
total:            45809   100.00
init:              4751    10.37
pin:                  4     0.01
gemmini:           2328     5.08
cpu:              31156    68.01
verify:            7570    16.53
--------------------------------
STATUS: PASS
--------------------------------

--------------------------------
SUMMARY FOR MNK: 4 256 4
--------------------------------
section          cycles        %
--------------------------------
total:            76360   100.00
init:              4368     5.72
pin:                  4     0.01
gemmini:           2536     3.32
cpu:              61893    81.05
verify:            7559     9.90
--------------------------------
STATUS: PASS
--------------------------------

--------------------------------
SUMMARY FOR MNK: 4 256 16
--------------------------------
section          cycles        %
--------------------------------
total:           210990   100.00
init:              8311     3.94
pin:                  4     0.00
gemmini:           3585     1.70
cpu:             191515    90.77
verify:            7575     3.59
--------------------------------
STATUS: PASS
--------------------------------

--------------------------------
SUMMARY FOR MNK: 4 256 64
--------------------------------
section          cycles        %
--------------------------------
total:           758620   100.00
init:             16255     2.14
pin:                  4     0.00
gemmini:           7334     0.97
cpu:             727239    95.86
verify:            7788     1.03
--------------------------------
STATUS: PASS
--------------------------------

--------------------------------
SUMMARY FOR MNK: 4 256 256
--------------------------------
section          cycles        %
--------------------------------
total:          6919019   100.00
init:             55115     0.80
pin:                  4     0.00
gemmini:          21876     0.32
cpu:            6834243    98.77
verify:            7781     0.11
--------------------------------
STATUS: PASS
--------------------------------

--------------------------------
SUMMARY FOR MNK: 1 1024 1
--------------------------------
section          cycles        %
--------------------------------
total:            49510   100.00
init:              5132    10.37
pin:                  4     0.01
gemmini:           5759    11.63
cpu:              31055    62.72
verify:            7560    15.27
--------------------------------
STATUS: PASS
--------------------------------

--------------------------------
SUMMARY FOR MNK: 1 1024 4
--------------------------------
section          cycles        %
--------------------------------
total:            85450   100.00
init:              8147     9.53
pin:                  4     0.00
gemmini:           7170     8.39
cpu:              62629    73.29
verify:            7500     8.78
--------------------------------
STATUS: PASS
--------------------------------

--------------------------------
SUMMARY FOR MNK: 1 1024 16
--------------------------------
section          cycles        %
--------------------------------
total:           239709   100.00
init:             16401     6.84
pin:                  4     0.00
gemmini:          10257     4.28
cpu:             205370    85.67
verify:            7677     3.20
--------------------------------
STATUS: PASS
--------------------------------

--------------------------------
SUMMARY FOR MNK: 1 1024 64
--------------------------------
section          cycles        %
--------------------------------
total:          1814631   100.00
init:             54191     2.99
pin:                  4     0.00
gemmini:          26374     1.45
cpu:            1726394    95.14
verify:            7668     0.42
--------------------------------
STATUS: PASS
--------------------------------

--------------------------------
SUMMARY FOR MNK: 1 1024 256
--------------------------------
section          cycles        %
--------------------------------
total:          7886916   100.00
init:            320922     4.07
pin:                  4     0.00
gemmini:          87198     1.11
cpu:            7471168    94.73
verify:            7624     0.10
--------------------------------
STATUS: PASS
--------------------------------

*** PASSED *** Completed after 50321424 cycles
[UART] UART0 is here (stdin/stdout).
[INFO]: 2020-04-08_23-44-08__pk__hw_tiler__hw_g2_dse1__gemm-pk succeeded in 1520 seconds
