bbl loader
--------------------------------
SUMMARY FOR MNK: 1024 1 1
--------------------------------
section          cycles        %
--------------------------------
total:            77448   100.00
init:             14990    19.35
pin:                  4     0.01
gemmini:           7397     9.55
cpu:              41445    53.51
verify:           13612    17.58
--------------------------------
STATUS: PASS
--------------------------------

--------------------------------
SUMMARY FOR MNK: 1024 1 4
--------------------------------
section          cycles        %
--------------------------------
total:           106670   100.00
init:             12388    11.61
pin:                  4     0.00
gemmini:           7636     7.16
cpu:              73045    68.48
verify:           13597    12.75
--------------------------------
STATUS: PASS
--------------------------------

--------------------------------
SUMMARY FOR MNK: 1024 1 16
--------------------------------
section          cycles        %
--------------------------------
total:           253471   100.00
init:             26356    10.40
pin:                  4     0.00
gemmini:           8473     3.34
cpu:             205055    80.90
verify:           13583     5.36
--------------------------------
STATUS: PASS
--------------------------------

--------------------------------
SUMMARY FOR MNK: 1024 1 64
--------------------------------
section          cycles        %
--------------------------------
total:           829580   100.00
init:             86072    10.38
pin:                  4     0.00
gemmini:          22290     2.69
cpu:             707451    85.28
verify:           13763     1.66
--------------------------------
STATUS: PASS
--------------------------------

--------------------------------
SUMMARY FOR MNK: 1024 1 256
--------------------------------
section          cycles        %
--------------------------------
total:          3132036   100.00
init:            324848    10.37
pin:                  4     0.00
gemmini:          80004     2.55
cpu:            2713405    86.63
verify:           13775     0.44
--------------------------------
STATUS: PASS
--------------------------------

--------------------------------
SUMMARY FOR MNK: 256 4 1
--------------------------------
section          cycles        %
--------------------------------
total:            53230   100.00
init:              4396     8.26
pin:                  4     0.01
gemmini:           3211     6.03
cpu:              35926    67.49
verify:            9693    18.21
--------------------------------
STATUS: PASS
--------------------------------

--------------------------------
SUMMARY FOR MNK: 256 4 4
--------------------------------
section          cycles        %
--------------------------------
total:            89116   100.00
init:              4249     4.77
pin:                  4     0.00
gemmini:           3181     3.57
cpu:              72025    80.82
verify:            9657    10.84
--------------------------------
STATUS: PASS
--------------------------------

--------------------------------
SUMMARY FOR MNK: 256 4 16
--------------------------------
section          cycles        %
--------------------------------
total:           222657   100.00
init:             11881     5.34
pin:                  4     0.00
gemmini:           3495     1.57
cpu:             197569    88.73
verify:            9708     4.36
--------------------------------
STATUS: PASS
--------------------------------

--------------------------------
SUMMARY FOR MNK: 256 4 64
--------------------------------
section          cycles        %
--------------------------------
total:           733575   100.00
init:             24424     3.33
pin:                  4     0.00
gemmini:           7899     1.08
cpu:             691570    94.27
verify:            9678     1.32
--------------------------------
STATUS: PASS
--------------------------------

--------------------------------
SUMMARY FOR MNK: 256 4 256
--------------------------------
section          cycles        %
--------------------------------
total:          2780255   100.00
init:             78443     2.82
pin:                  4     0.00
gemmini:          23023     0.83
cpu:            2669069    96.00
verify:            9716     0.35
--------------------------------
STATUS: PASS
--------------------------------

--------------------------------
SUMMARY FOR MNK: 64 16 1
--------------------------------
section          cycles        %
--------------------------------
total:            46611   100.00
init:              4113     8.82
pin:                  4     0.01
gemmini:           2198     4.72
cpu:              33048    70.90
verify:            7248    15.55
--------------------------------
STATUS: PASS
--------------------------------

--------------------------------
SUMMARY FOR MNK: 64 16 4
--------------------------------
section          cycles        %
--------------------------------
total:            83536   100.00
init:              3684     4.41
pin:                  4     0.00
gemmini:           2198     2.63
cpu:              70380    84.25
verify:            7270     8.70
--------------------------------
STATUS: PASS
--------------------------------

--------------------------------
SUMMARY FOR MNK: 64 16 16
--------------------------------
section          cycles        %
--------------------------------
total:           208223   100.00
init:              4572     2.20
pin:                  4     0.00
gemmini:           2292     1.10
cpu:             193985    93.16
verify:            7370     3.54
--------------------------------
STATUS: PASS
--------------------------------

--------------------------------
SUMMARY FOR MNK: 64 16 64
--------------------------------
section          cycles        %
--------------------------------
total:           703714   100.00
init:              6958     0.99
pin:                  4     0.00
gemmini:           3717     0.53
cpu:             685779    97.45
verify:            7256     1.03
--------------------------------
STATUS: PASS
--------------------------------

--------------------------------
SUMMARY FOR MNK: 64 16 256
--------------------------------
section          cycles        %
--------------------------------
total:          2689808   100.00
init:             16639     0.62
pin:                  4     0.00
gemmini:           8991     0.33
cpu:            2656805    98.77
verify:            7369     0.27
--------------------------------
STATUS: PASS
--------------------------------

--------------------------------
SUMMARY FOR MNK: 32 32 1
--------------------------------
section          cycles        %
--------------------------------
total:            45498   100.00
init:              3876     8.52
pin:                  4     0.01
gemmini:           2297     5.05
cpu:              32501    71.43
verify:            6820    14.99
--------------------------------
STATUS: PASS
--------------------------------

--------------------------------
SUMMARY FOR MNK: 32 32 4
--------------------------------
section          cycles        %
--------------------------------
total:            82906   100.00
init:              3678     4.44
pin:                  4     0.00
gemmini:           2251     2.72
cpu:              70090    84.54
verify:            6883     8.30
--------------------------------
STATUS: PASS
--------------------------------

--------------------------------
SUMMARY FOR MNK: 32 32 16
--------------------------------
section          cycles        %
--------------------------------
total:           206520   100.00
init:              4077     1.97
pin:                  4     0.00
gemmini:           2346     1.14
cpu:             193262    93.58
verify:            6831     3.31
--------------------------------
STATUS: PASS
--------------------------------

--------------------------------
SUMMARY FOR MNK: 32 32 64
--------------------------------
section          cycles        %
--------------------------------
total:           702922   100.00
init:              6764     0.96
pin:                  4     0.00
gemmini:           4022     0.57
cpu:             685270    97.49
verify:            6862     0.98
--------------------------------
STATUS: PASS
--------------------------------

--------------------------------
SUMMARY FOR MNK: 32 32 256
--------------------------------
section          cycles        %
--------------------------------
total:          2687199   100.00
init:             13682     0.51
pin:                  4     0.00
gemmini:           9699     0.36
cpu:            2656898    98.87
verify:            6916     0.26
--------------------------------
STATUS: PASS
--------------------------------

--------------------------------
SUMMARY FOR MNK: 16 64 1
--------------------------------
section          cycles        %
--------------------------------
total:            45530   100.00
init:              3893     8.55
pin:                  4     0.01
gemmini:           2692     5.91
cpu:              32309    70.96
verify:            6632    14.57
--------------------------------
STATUS: PASS
--------------------------------

--------------------------------
SUMMARY FOR MNK: 16 64 4
--------------------------------
section          cycles        %
--------------------------------
total:            83011   100.00
init:              3718     4.48
pin:                  4     0.00
gemmini:           2612     3.15
cpu:              70017    84.35
verify:            6660     8.02
--------------------------------
STATUS: PASS
--------------------------------

--------------------------------
SUMMARY FOR MNK: 16 64 16
--------------------------------
section          cycles        %
--------------------------------
total:           207473   100.00
init:              4910     2.37
pin:                  4     0.00
gemmini:           2608     1.26
cpu:             193257    93.15
verify:            6694     3.23
--------------------------------
STATUS: PASS
--------------------------------

--------------------------------
SUMMARY FOR MNK: 16 64 64
--------------------------------
section          cycles        %
--------------------------------
total:           703465   100.00
init:              6841     0.97
pin:                  4     0.00
gemmini:           4797     0.68
cpu:             685199    97.40
verify:            6624     0.94
--------------------------------
STATUS: PASS
--------------------------------

--------------------------------
SUMMARY FOR MNK: 16 64 256
--------------------------------
section          cycles        %
--------------------------------
total:          2907610   100.00
init:             16416     0.56
pin:                  4     0.00
gemmini:          12547     0.43
cpu:            2871843    98.77
verify:            6800     0.23
--------------------------------
STATUS: PASS
--------------------------------

--------------------------------
SUMMARY FOR MNK: 4 256 1
--------------------------------
section          cycles        %
--------------------------------
total:            47903   100.00
init:              4159     8.68
pin:                  4     0.01
gemmini:           5156    10.76
cpu:              32095    67.00
verify:            6489    13.55
--------------------------------
STATUS: PASS
--------------------------------

--------------------------------
SUMMARY FOR MNK: 4 256 4
--------------------------------
section          cycles        %
--------------------------------
total:            85576   100.00
init:              4054     4.74
pin:                  4     0.00
gemmini:           5149     6.02
cpu:              69899    81.68
verify:            6470     7.56
--------------------------------
STATUS: PASS
--------------------------------

--------------------------------
SUMMARY FOR MNK: 4 256 16
--------------------------------
section          cycles        %
--------------------------------
total:           212727   100.00
init:              7323     3.44
pin:                  4     0.00
gemmini:           5853     2.75
cpu:             193091    90.77
verify:            6456     3.03
--------------------------------
STATUS: PASS
--------------------------------

--------------------------------
SUMMARY FOR MNK: 4 256 64
--------------------------------
section          cycles        %
--------------------------------
total:           754649   100.00
init:             13859     1.84
pin:                  4     0.00
gemmini:          13493     1.79
cpu:             720675    95.50
verify:            6618     0.88
--------------------------------
STATUS: PASS
--------------------------------

--------------------------------
SUMMARY FOR MNK: 4 256 256
--------------------------------
section          cycles        %
--------------------------------
total:          5882529   100.00
init:             44730     0.76
pin:                  4     0.00
gemmini:          41507     0.71
cpu:            5789667    98.42
verify:            6621     0.11
--------------------------------
STATUS: PASS
--------------------------------

--------------------------------
SUMMARY FOR MNK: 1 1024 1
--------------------------------
section          cycles        %
--------------------------------
total:            57488   100.00
init:              4382     7.62
pin:                  4     0.01
gemmini:          14514    25.25
cpu:              32182    55.98
verify:            6406    11.14
--------------------------------
STATUS: PASS
--------------------------------

--------------------------------
SUMMARY FOR MNK: 1 1024 4
--------------------------------
section          cycles        %
--------------------------------
total:            99909   100.00
init:              7125     7.13
pin:                  4     0.00
gemmini:          15852    15.87
cpu:              70468    70.53
verify:            6460     6.47
--------------------------------
STATUS: PASS
--------------------------------

--------------------------------
SUMMARY FOR MNK: 1 1024 16
--------------------------------
section          cycles        %
--------------------------------
total:           241253   100.00
init:             13712     5.68
pin:                  4     0.00
gemmini:          17601     7.30
cpu:             203412    84.31
verify:            6524     2.70
--------------------------------
STATUS: PASS
--------------------------------

--------------------------------
SUMMARY FOR MNK: 1 1024 64
--------------------------------
section          cycles        %
--------------------------------
total:          1566334   100.00
init:             44029     2.81
pin:                  4     0.00
gemmini:          48154     3.07
cpu:            1467634    93.70
verify:            6513     0.42
--------------------------------
STATUS: PASS
--------------------------------

--------------------------------
SUMMARY FOR MNK: 1 1024 256
--------------------------------
section          cycles        %
--------------------------------
total:          6927786   100.00
init:            291450     4.21
pin:                  4     0.00
gemmini:         164962     2.38
cpu:            6464901    93.32
verify:            6469     0.09
--------------------------------
STATUS: PASS
--------------------------------

*** PASSED *** Completed after 47613779 cycles
[UART] UART0 is here (stdin/stdout).
[INFO]: 2020-04-09_08-52-34__pk__fsm_tiler__hw_g1_dse7__gemm-pk succeeded in 1599 seconds
