bbl loader
--------------------------------
SUMMARY FOR MNK: 1024 1 1
--------------------------------
section          cycles        %
--------------------------------
total:            82211   100.00
init:             16244    19.76
pin:                  4     0.00
gemmini:           4513     5.49
cpu:              45672    55.55
verify:           15778    19.19
--------------------------------
STATUS: PASS
--------------------------------

--------------------------------
SUMMARY FOR MNK: 1024 1 4
--------------------------------
section          cycles        %
--------------------------------
total:           109880   100.00
init:             12090    11.00
pin:                  4     0.00
gemmini:           4985     4.54
cpu:              77048    70.12
verify:           15753    14.34
--------------------------------
STATUS: PASS
--------------------------------

--------------------------------
SUMMARY FOR MNK: 1024 1 16
--------------------------------
section          cycles        %
--------------------------------
total:           259454   100.00
init:             28251    10.89
pin:                  4     0.00
gemmini:           6194     2.39
cpu:             209217    80.64
verify:           15788     6.09
--------------------------------
STATUS: PASS
--------------------------------

--------------------------------
SUMMARY FOR MNK: 1024 1 64
--------------------------------
section          cycles        %
--------------------------------
total:           836125   100.00
init:             91982    11.00
pin:                  4     0.00
gemmini:          12798     1.53
cpu:             715404    85.56
verify:           15937     1.91
--------------------------------
STATUS: PASS
--------------------------------

--------------------------------
SUMMARY FOR MNK: 1024 1 256
--------------------------------
section          cycles        %
--------------------------------
total:          3137666   100.00
init:            346252    11.04
pin:                  4     0.00
gemmini:          40719     1.30
cpu:            2734724    87.16
verify:           15967     0.51
--------------------------------
STATUS: PASS
--------------------------------

--------------------------------
SUMMARY FOR MNK: 256 4 1
--------------------------------
section          cycles        %
--------------------------------
total:            52607   100.00
init:              4836     9.19
pin:                  4     0.01
gemmini:           1756     3.34
cpu:              36170    68.76
verify:            9841    18.71
--------------------------------
STATUS: PASS
--------------------------------

--------------------------------
SUMMARY FOR MNK: 256 4 4
--------------------------------
section          cycles        %
--------------------------------
total:            83194   100.00
init:              4637     5.57
pin:                  4     0.00
gemmini:           1812     2.18
cpu:              67025    80.56
verify:            9716    11.68
--------------------------------
STATUS: PASS
--------------------------------

--------------------------------
SUMMARY FOR MNK: 256 4 16
--------------------------------
section          cycles        %
--------------------------------
total:           220569   100.00
init:             11716     5.31
pin:                  4     0.00
gemmini:           2173     0.99
cpu:             196849    89.25
verify:            9827     4.46
--------------------------------
STATUS: PASS
--------------------------------

--------------------------------
SUMMARY FOR MNK: 256 4 64
--------------------------------
section          cycles        %
--------------------------------
total:           732480   100.00
init:             26877     3.67
pin:                  4     0.00
gemmini:           4441     0.61
cpu:             691304    94.38
verify:            9854     1.35
--------------------------------
STATUS: PASS
--------------------------------

--------------------------------
SUMMARY FOR MNK: 256 4 256
--------------------------------
section          cycles        %
--------------------------------
total:          2782372   100.00
init:             87448     3.14
pin:                  4     0.00
gemmini:          11192     0.40
cpu:            2673793    96.10
verify:            9935     0.36
--------------------------------
STATUS: PASS
--------------------------------

--------------------------------
SUMMARY FOR MNK: 64 16 1
--------------------------------
section          cycles        %
--------------------------------
total:            46931   100.00
init:              4778    10.18
pin:                  4     0.01
gemmini:           1289     2.75
cpu:              32332    68.89
verify:            8528    18.17
--------------------------------
STATUS: PASS
--------------------------------

--------------------------------
SUMMARY FOR MNK: 64 16 4
--------------------------------
section          cycles        %
--------------------------------
total:            77164   100.00
init:              4256     5.52
pin:                  4     0.01
gemmini:           1387     1.80
cpu:              63035    81.69
verify:            8482    10.99
--------------------------------
STATUS: PASS
--------------------------------

--------------------------------
SUMMARY FOR MNK: 64 16 16
--------------------------------
section          cycles        %
--------------------------------
total:           207830   100.00
init:              5264     2.53
pin:                  4     0.00
gemmini:           1451     0.70
cpu:             192518    92.63
verify:            8593     4.13
--------------------------------
STATUS: PASS
--------------------------------

--------------------------------
SUMMARY FOR MNK: 64 16 64
--------------------------------
section          cycles        %
--------------------------------
total:           702767   100.00
init:              7654     1.09
pin:                  4     0.00
gemmini:           2374     0.34
cpu:             684198    97.36
verify:            8537     1.21
--------------------------------
STATUS: PASS
--------------------------------

--------------------------------
SUMMARY FOR MNK: 64 16 256
--------------------------------
section          cycles        %
--------------------------------
total:          2689940   100.00
init:             19912     0.74
pin:                  4     0.00
gemmini:           4568     0.17
cpu:            2656888    98.77
verify:            8568     0.32
--------------------------------
STATUS: PASS
--------------------------------

--------------------------------
SUMMARY FOR MNK: 32 32 1
--------------------------------
section          cycles        %
--------------------------------
total:            45292   100.00
init:              4208     9.29
pin:                  4     0.01
gemmini:           1340     2.96
cpu:              31733    70.06
verify:            8007    17.68
--------------------------------
STATUS: PASS
--------------------------------

--------------------------------
SUMMARY FOR MNK: 32 32 4
--------------------------------
section          cycles        %
--------------------------------
total:            75865   100.00
init:              4073     5.37
pin:                  4     0.01
gemmini:           1467     1.93
cpu:              62261    82.07
verify:            8060    10.62
--------------------------------
STATUS: PASS
--------------------------------

--------------------------------
SUMMARY FOR MNK: 32 32 16
--------------------------------
section          cycles        %
--------------------------------
total:           205478   100.00
init:              4520     2.20
pin:                  4     0.00
gemmini:           1511     0.74
cpu:             191462    93.18
verify:            7981     3.88
--------------------------------
STATUS: PASS
--------------------------------

--------------------------------
SUMMARY FOR MNK: 32 32 64
--------------------------------
section          cycles        %
--------------------------------
total:           701247   100.00
init:              7650     1.09
pin:                  4     0.00
gemmini:           2153     0.31
cpu:             683451    97.46
verify:            7989     1.14
--------------------------------
STATUS: PASS
--------------------------------

--------------------------------
SUMMARY FOR MNK: 32 32 256
--------------------------------
section          cycles        %
--------------------------------
total:          2685022   100.00
init:             16210     0.60
pin:                  4     0.00
gemmini:           4090     0.15
cpu:            2656677    98.94
verify:            8041     0.30
--------------------------------
STATUS: PASS
--------------------------------

--------------------------------
SUMMARY FOR MNK: 16 64 1
--------------------------------
section          cycles        %
--------------------------------
total:            45080   100.00
init:              4370     9.69
pin:                  4     0.01
gemmini:           1577     3.50
cpu:              31386    69.62
verify:            7743    17.18
--------------------------------
STATUS: PASS
--------------------------------

--------------------------------
SUMMARY FOR MNK: 16 64 4
--------------------------------
section          cycles        %
--------------------------------
total:            75523   100.00
init:              4045     5.36
pin:                  4     0.01
gemmini:           1667     2.21
cpu:              62011    82.11
verify:            7796    10.32
--------------------------------
STATUS: PASS
--------------------------------

--------------------------------
SUMMARY FOR MNK: 16 64 16
--------------------------------
section          cycles        %
--------------------------------
total:           206135   100.00
init:              5224     2.53
pin:                  4     0.00
gemmini:           1833     0.89
cpu:             191218    92.76
verify:            7856     3.81
--------------------------------
STATUS: PASS
--------------------------------

--------------------------------
SUMMARY FOR MNK: 16 64 64
--------------------------------
section          cycles        %
--------------------------------
total:           702293   100.00
init:              7863     1.12
pin:                  4     0.00
gemmini:           2689     0.38
cpu:             683922    97.38
verify:            7815     1.11
--------------------------------
STATUS: PASS
--------------------------------

--------------------------------
SUMMARY FOR MNK: 16 64 256
--------------------------------
section          cycles        %
--------------------------------
total:          2977530   100.00
init:             19352     0.65
pin:                  4     0.00
gemmini:           6050     0.20
cpu:            2944112    98.88
verify:            8012     0.27
--------------------------------
STATUS: PASS
--------------------------------

--------------------------------
SUMMARY FOR MNK: 4 256 1
--------------------------------
section          cycles        %
--------------------------------
total:            46318   100.00
init:              4883    10.54
pin:                  4     0.01
gemmini:           2446     5.28
cpu:              31299    67.57
verify:            7686    16.59
--------------------------------
STATUS: PASS
--------------------------------

--------------------------------
SUMMARY FOR MNK: 4 256 4
--------------------------------
section          cycles        %
--------------------------------
total:            77044   100.00
init:              4749     6.16
pin:                  4     0.01
gemmini:           2737     3.55
cpu:              61970    80.43
verify:            7584     9.84
--------------------------------
STATUS: PASS
--------------------------------

--------------------------------
SUMMARY FOR MNK: 4 256 16
--------------------------------
section          cycles        %
--------------------------------
total:           211122   100.00
init:              8289     3.93
pin:                  4     0.00
gemmini:           3579     1.70
cpu:             191642    90.77
verify:            7608     3.60
--------------------------------
STATUS: PASS
--------------------------------

--------------------------------
SUMMARY FOR MNK: 4 256 64
--------------------------------
section          cycles        %
--------------------------------
total:           758435   100.00
init:             16337     2.15
pin:                  4     0.00
gemmini:           5768     0.76
cpu:             728544    96.06
verify:            7782     1.03
--------------------------------
STATUS: PASS
--------------------------------

--------------------------------
SUMMARY FOR MNK: 4 256 256
--------------------------------
section          cycles        %
--------------------------------
total:          6907677   100.00
init:             54777     0.79
pin:                  4     0.00
gemmini:          13556     0.20
cpu:            6831564    98.90
verify:            7776     0.11
--------------------------------
STATUS: PASS
--------------------------------

--------------------------------
SUMMARY FOR MNK: 1 1024 1
--------------------------------
section          cycles        %
--------------------------------
total:            50224   100.00
init:              5081    10.12
pin:                  4     0.01
gemmini:           6647    13.23
cpu:              30966    61.66
verify:            7526    14.98
--------------------------------
STATUS: PASS
--------------------------------

--------------------------------
SUMMARY FOR MNK: 1 1024 4
--------------------------------
section          cycles        %
--------------------------------
total:            86047   100.00
init:              7973     9.27
pin:                  4     0.00
gemmini:           7856     9.13
cpu:              62692    72.86
verify:            7522     8.74
--------------------------------
STATUS: PASS
--------------------------------

--------------------------------
SUMMARY FOR MNK: 1 1024 16
--------------------------------
section          cycles        %
--------------------------------
total:           239227   100.00
init:             16372     6.84
pin:                  4     0.00
gemmini:           9829     4.11
cpu:             205341    85.84
verify:            7681     3.21
--------------------------------
STATUS: PASS
--------------------------------

--------------------------------
SUMMARY FOR MNK: 1 1024 64
--------------------------------
section          cycles        %
--------------------------------
total:          1805342   100.00
init:             54283     3.01
pin:                  4     0.00
gemmini:          17271     0.96
cpu:            1726113    95.61
verify:            7671     0.42
--------------------------------
STATUS: PASS
--------------------------------

--------------------------------
SUMMARY FOR MNK: 1 1024 256
--------------------------------
section          cycles        %
--------------------------------
total:          7848711   100.00
init:            322686     4.11
pin:                  4     0.00
gemmini:          47337     0.60
cpu:            7471024    95.19
verify:            7660     0.10
--------------------------------
STATUS: PASS
--------------------------------

*** PASSED *** Completed after 50019765 cycles
[UART] UART0 is here (stdin/stdout).
[INFO]: 2020-04-09_09-17-24__pk__hw_tiler__hw_g2_dse2__gemm-pk succeeded in 1833 seconds
