bbl loader
--------------------------------
SUMMARY FOR MNK: 1024 1 1
--------------------------------
section          cycles        %
--------------------------------
total:            81651   100.00
init:             15178    18.59
pin:                  4     0.00
gemmini:           9429    11.55
cpu:              41378    50.68
verify:           15662    19.18
--------------------------------
STATUS: PASS
--------------------------------

--------------------------------
SUMMARY FOR MNK: 1024 1 4
--------------------------------
section          cycles        %
--------------------------------
total:           111177   100.00
init:             12476    11.22
pin:                  4     0.00
gemmini:          10158     9.14
cpu:              72887    65.56
verify:           15652    14.08
--------------------------------
STATUS: PASS
--------------------------------

--------------------------------
SUMMARY FOR MNK: 1024 1 16
--------------------------------
section          cycles        %
--------------------------------
total:           257985   100.00
init:             26241    10.17
pin:                  4     0.00
gemmini:          10696     4.15
cpu:             205305    79.58
verify:           15739     6.10
--------------------------------
STATUS: PASS
--------------------------------

--------------------------------
SUMMARY FOR MNK: 1024 1 64
--------------------------------
section          cycles        %
--------------------------------
total:           837218   100.00
init:             85951    10.27
pin:                  4     0.00
gemmini:          28136     3.36
cpu:             707388    84.49
verify:           15739     1.88
--------------------------------
STATUS: PASS
--------------------------------

--------------------------------
SUMMARY FOR MNK: 1024 1 256
--------------------------------
section          cycles        %
--------------------------------
total:          3153649   100.00
init:            325082    10.31
pin:                  4     0.00
gemmini:          97491     3.09
cpu:            2715230    86.10
verify:           15842     0.50
--------------------------------
STATUS: PASS
--------------------------------

--------------------------------
SUMMARY FOR MNK: 256 4 1
--------------------------------
section          cycles        %
--------------------------------
total:            53586   100.00
init:              4250     7.93
pin:                  4     0.01
gemmini:           3855     7.19
cpu:              35823    66.85
verify:            9654    18.02
--------------------------------
STATUS: PASS
--------------------------------

--------------------------------
SUMMARY FOR MNK: 256 4 4
--------------------------------
section          cycles        %
--------------------------------
total:            89471   100.00
init:              4143     4.63
pin:                  4     0.00
gemmini:           3795     4.24
cpu:              71843    80.30
verify:            9686    10.83
--------------------------------
STATUS: PASS
--------------------------------

--------------------------------
SUMMARY FOR MNK: 256 4 16
--------------------------------
section          cycles        %
--------------------------------
total:           222924   100.00
init:             11712     5.25
pin:                  4     0.00
gemmini:           4004     1.80
cpu:             197544    88.61
verify:            9660     4.33
--------------------------------
STATUS: PASS
--------------------------------

--------------------------------
SUMMARY FOR MNK: 256 4 64
--------------------------------
section          cycles        %
--------------------------------
total:           735201   100.00
init:             24698     3.36
pin:                  4     0.00
gemmini:           9241     1.26
cpu:             691438    94.05
verify:            9820     1.34
--------------------------------
STATUS: PASS
--------------------------------

--------------------------------
SUMMARY FOR MNK: 256 4 256
--------------------------------
section          cycles        %
--------------------------------
total:          2784371   100.00
init:             78517     2.82
pin:                  4     0.00
gemmini:          26755     0.96
cpu:            2669349    95.87
verify:            9746     0.35
--------------------------------
STATUS: PASS
--------------------------------

--------------------------------
SUMMARY FOR MNK: 64 16 1
--------------------------------
section          cycles        %
--------------------------------
total:            47698   100.00
init:              4052     8.50
pin:                  4     0.01
gemmini:           2142     4.49
cpu:              33028    69.24
verify:            8472    17.76
--------------------------------
STATUS: PASS
--------------------------------

--------------------------------
SUMMARY FOR MNK: 64 16 4
--------------------------------
section          cycles        %
--------------------------------
total:            84850   100.00
init:              3855     4.54
pin:                  4     0.00
gemmini:           2251     2.65
cpu:              70308    82.86
verify:            8432     9.94
--------------------------------
STATUS: PASS
--------------------------------

--------------------------------
SUMMARY FOR MNK: 64 16 16
--------------------------------
section          cycles        %
--------------------------------
total:           209555   100.00
init:              4688     2.24
pin:                  4     0.00
gemmini:           2420     1.15
cpu:             193953    92.55
verify:            8490     4.05
--------------------------------
STATUS: PASS
--------------------------------

--------------------------------
SUMMARY FOR MNK: 64 16 64
--------------------------------
section          cycles        %
--------------------------------
total:           704739   100.00
init:              6850     0.97
pin:                  4     0.00
gemmini:           3782     0.54
cpu:             685718    97.30
verify:            8385     1.19
--------------------------------
STATUS: PASS
--------------------------------

--------------------------------
SUMMARY FOR MNK: 64 16 256
--------------------------------
section          cycles        %
--------------------------------
total:          2690831   100.00
init:             16680     0.62
pin:                  4     0.00
gemmini:           9131     0.34
cpu:            2656582    98.73
verify:            8434     0.31
--------------------------------
STATUS: PASS
--------------------------------

--------------------------------
SUMMARY FOR MNK: 32 32 1
--------------------------------
section          cycles        %
--------------------------------
total:            46622   100.00
init:              3801     8.15
pin:                  4     0.01
gemmini:           2428     5.21
cpu:              32465    69.63
verify:            7924    17.00
--------------------------------
STATUS: PASS
--------------------------------

--------------------------------
SUMMARY FOR MNK: 32 32 4
--------------------------------
section          cycles        %
--------------------------------
total:            84325   100.00
init:              3950     4.68
pin:                  4     0.00
gemmini:           2345     2.78
cpu:              70090    83.12
verify:            7936     9.41
--------------------------------
STATUS: PASS
--------------------------------

--------------------------------
SUMMARY FOR MNK: 32 32 16
--------------------------------
section          cycles        %
--------------------------------
total:           207774   100.00
init:              4037     1.94
pin:                  5     0.00
gemmini:           2448     1.18
cpu:             193323    93.04
verify:            7961     3.83
--------------------------------
STATUS: PASS
--------------------------------

--------------------------------
SUMMARY FOR MNK: 32 32 64
--------------------------------
section          cycles        %
--------------------------------
total:           703498   100.00
init:              6531     0.93
pin:                  4     0.00
gemmini:           3933     0.56
cpu:             685099    97.38
verify:            7931     1.13
--------------------------------
STATUS: PASS
--------------------------------

--------------------------------
SUMMARY FOR MNK: 32 32 256
--------------------------------
section          cycles        %
--------------------------------
total:          2688089   100.00
init:             13647     0.51
pin:                  4     0.00
gemmini:           9571     0.36
cpu:            2656915    98.84
verify:            7952     0.30
--------------------------------
STATUS: PASS
--------------------------------

--------------------------------
SUMMARY FOR MNK: 16 64 1
--------------------------------
section          cycles        %
--------------------------------
total:            46416   100.00
init:              4005     8.63
pin:                  4     0.01
gemmini:           2344     5.05
cpu:              32339    69.67
verify:            7724    16.64
--------------------------------
STATUS: PASS
--------------------------------

--------------------------------
SUMMARY FOR MNK: 16 64 4
--------------------------------
section          cycles        %
--------------------------------
total:            83928   100.00
init:              3743     4.46
pin:                  4     0.00
gemmini:           2461     2.93
cpu:              70011    83.42
verify:            7709     9.19
--------------------------------
STATUS: PASS
--------------------------------

--------------------------------
SUMMARY FOR MNK: 16 64 16
--------------------------------
section          cycles        %
--------------------------------
total:           208153   100.00
init:              4610     2.21
pin:                  7     0.00
gemmini:           2525     1.21
cpu:             193230    92.83
verify:            7781     3.74
--------------------------------
STATUS: PASS
--------------------------------

--------------------------------
SUMMARY FOR MNK: 16 64 64
--------------------------------
section          cycles        %
--------------------------------
total:           704201   100.00
init:              6752     0.96
pin:                  4     0.00
gemmini:           4436     0.63
cpu:             685312    97.32
verify:            7697     1.09
--------------------------------
STATUS: PASS
--------------------------------

--------------------------------
SUMMARY FOR MNK: 16 64 256
--------------------------------
section          cycles        %
--------------------------------
total:          2903922   100.00
init:             16393     0.56
pin:                  4     0.00
gemmini:          11026     0.38
cpu:            2868632    98.78
verify:            7867     0.27
--------------------------------
STATUS: PASS
--------------------------------

--------------------------------
SUMMARY FOR MNK: 4 256 1
--------------------------------
section          cycles        %
--------------------------------
total:            47937   100.00
init:              4079     8.51
pin:                  4     0.01
gemmini:           4128     8.61
cpu:              32177    67.12
verify:            7549    15.75
--------------------------------
STATUS: PASS
--------------------------------

--------------------------------
SUMMARY FOR MNK: 4 256 4
--------------------------------
section          cycles        %
--------------------------------
total:            85603   100.00
init:              4045     4.73
pin:                  4     0.00
gemmini:           4115     4.81
cpu:              69923    81.68
verify:            7516     8.78
--------------------------------
STATUS: PASS
--------------------------------

--------------------------------
SUMMARY FOR MNK: 4 256 16
--------------------------------
section          cycles        %
--------------------------------
total:           212654   100.00
init:              7181     3.38
pin:                  4     0.00
gemmini:           4605     2.17
cpu:             193387    90.94
verify:            7477     3.52
--------------------------------
STATUS: PASS
--------------------------------

--------------------------------
SUMMARY FOR MNK: 4 256 64
--------------------------------
section          cycles        %
--------------------------------
total:           752337   100.00
init:             13698     1.82
pin:                  4     0.00
gemmini:          11516     1.53
cpu:             719459    95.63
verify:            7660     1.02
--------------------------------
STATUS: PASS
--------------------------------

--------------------------------
SUMMARY FOR MNK: 4 256 256
--------------------------------
section          cycles        %
--------------------------------
total:          5875752   100.00
init:             44757     0.76
pin:                  4     0.00
gemmini:          35191     0.60
cpu:            5788100    98.51
verify:            7700     0.13
--------------------------------
STATUS: PASS
--------------------------------

--------------------------------
SUMMARY FOR MNK: 1 1024 1
--------------------------------
section          cycles        %
--------------------------------
total:            55028   100.00
init:              4456     8.10
pin:                  4     0.01
gemmini:          10895    19.80
cpu:              32159    58.44
verify:            7514    13.65
--------------------------------
STATUS: PASS
--------------------------------

--------------------------------
SUMMARY FOR MNK: 1 1024 4
--------------------------------
section          cycles        %
--------------------------------
total:            96406   100.00
init:              7018     7.28
pin:                  4     0.00
gemmini:          11510    11.94
cpu:              70395    73.02
verify:            7479     7.76
--------------------------------
STATUS: PASS
--------------------------------

--------------------------------
SUMMARY FOR MNK: 1 1024 16
--------------------------------
section          cycles        %
--------------------------------
total:           237886   100.00
init:             13731     5.77
pin:                  4     0.00
gemmini:          13387     5.63
cpu:             203213    85.42
verify:            7551     3.17
--------------------------------
STATUS: PASS
--------------------------------

--------------------------------
SUMMARY FOR MNK: 1 1024 64
--------------------------------
section          cycles        %
--------------------------------
total:          1558300   100.00
init:             44100     2.83
pin:                  4     0.00
gemmini:          39169     2.51
cpu:            1467488    94.17
verify:            7539     0.48
--------------------------------
STATUS: PASS
--------------------------------

--------------------------------
SUMMARY FOR MNK: 1 1024 256
--------------------------------
section          cycles        %
--------------------------------
total:          6903329   100.00
init:            293112     4.25
pin:                  4     0.00
gemmini:         138155     2.00
cpu:            6464542    93.64
verify:            7516     0.11
--------------------------------
STATUS: PASS
--------------------------------

*** PASSED *** Completed after 47762503 cycles
[UART] UART0 is here (stdin/stdout).
[INFO]: 2020-04-09_01-20-08__pk__fsm_tiler__hw_g1_dse5__gemm-pk succeeded in 1786 seconds
