bbl loader
--------------------------------
SUMMARY FOR MNK: 1024 1 1
--------------------------------
section          cycles        %
--------------------------------
total:            87889   100.00
init:             15307    17.42
pin:                  4     0.00
gemmini:          13402    15.25
cpu:              45481    51.75
verify:           13695    15.58
--------------------------------
STATUS: PASS
--------------------------------

--------------------------------
SUMMARY FOR MNK: 1024 1 4
--------------------------------
section          cycles        %
--------------------------------
total:           114870   100.00
init:             10797     9.40
pin:                  4     0.00
gemmini:          13594    11.83
cpu:              76839    66.89
verify:           13636    11.87
--------------------------------
STATUS: PASS
--------------------------------

--------------------------------
SUMMARY FOR MNK: 1024 1 16
--------------------------------
section          cycles        %
--------------------------------
total:           261634   100.00
init:             25829     9.87
pin:                  4     0.00
gemmini:          14291     5.46
cpu:             207908    79.47
verify:           13602     5.20
--------------------------------
STATUS: PASS
--------------------------------

--------------------------------
SUMMARY FOR MNK: 1024 1 64
--------------------------------
section          cycles        %
--------------------------------
total:           832715   100.00
init:             86089    10.34
pin:                  4     0.00
gemmini:          22301     2.68
cpu:             710619    85.34
verify:           13702     1.65
--------------------------------
STATUS: PASS
--------------------------------

--------------------------------
SUMMARY FOR MNK: 1024 1 256
--------------------------------
section          cycles        %
--------------------------------
total:          3117066   100.00
init:            323943    10.39
pin:                  4     0.00
gemmini:          61319     1.97
cpu:            2718029    87.20
verify:           13771     0.44
--------------------------------
STATUS: PASS
--------------------------------

--------------------------------
SUMMARY FOR MNK: 256 4 1
--------------------------------
section          cycles        %
--------------------------------
total:            54954   100.00
init:              4448     8.09
pin:                  5     0.01
gemmini:           4506     8.20
cpu:              36287    66.03
verify:            9708    17.67
--------------------------------
STATUS: PASS
--------------------------------

--------------------------------
SUMMARY FOR MNK: 256 4 4
--------------------------------
section          cycles        %
--------------------------------
total:            85201   100.00
init:              4222     4.96
pin:                  5     0.01
gemmini:           4419     5.19
cpu:              66801    78.40
verify:            9754    11.45
--------------------------------
STATUS: PASS
--------------------------------

--------------------------------
SUMMARY FOR MNK: 256 4 16
--------------------------------
section          cycles        %
--------------------------------
total:           221738   100.00
init:             10836     4.89
pin:                  4     0.00
gemmini:           4842     2.18
cpu:             196373    88.56
verify:            9683     4.37
--------------------------------
STATUS: PASS
--------------------------------

--------------------------------
SUMMARY FOR MNK: 256 4 64
--------------------------------
section          cycles        %
--------------------------------
total:           731967   100.00
init:             24313     3.32
pin:                  4     0.00
gemmini:           7533     1.03
cpu:             690440    94.33
verify:            9677     1.32
--------------------------------
STATUS: PASS
--------------------------------

--------------------------------
SUMMARY FOR MNK: 256 4 256
--------------------------------
section          cycles        %
--------------------------------
total:          2773436   100.00
init:             78382     2.83
pin:                  4     0.00
gemmini:          16631     0.60
cpu:            2668718    96.22
verify:            9701     0.35
--------------------------------
STATUS: PASS
--------------------------------

--------------------------------
SUMMARY FOR MNK: 64 16 1
--------------------------------
section          cycles        %
--------------------------------
total:            45704   100.00
init:              4066     8.90
pin:                  5     0.01
gemmini:           2108     4.61
cpu:              32256    70.58
verify:            7269    15.90
--------------------------------
STATUS: PASS
--------------------------------

--------------------------------
SUMMARY FOR MNK: 64 16 4
--------------------------------
section          cycles        %
--------------------------------
total:            76062   100.00
init:              3753     4.93
pin:                  5     0.01
gemmini:           2091     2.75
cpu:              62936    82.74
verify:            7277     9.57
--------------------------------
STATUS: PASS
--------------------------------

--------------------------------
SUMMARY FOR MNK: 64 16 16
--------------------------------
section          cycles        %
--------------------------------
total:           206332   100.00
init:              4702     2.28
pin:                  5     0.00
gemmini:           2076     1.01
cpu:             192186    93.14
verify:            7363     3.57
--------------------------------
STATUS: PASS
--------------------------------

--------------------------------
SUMMARY FOR MNK: 64 16 64
--------------------------------
section          cycles        %
--------------------------------
total:           701452   100.00
init:              6942     0.99
pin:                  5     0.00
gemmini:           3126     0.45
cpu:             684126    97.53
verify:            7253     1.03
--------------------------------
STATUS: PASS
--------------------------------

--------------------------------
SUMMARY FOR MNK: 64 16 256
--------------------------------
section          cycles        %
--------------------------------
total:          2684365   100.00
init:             16497     0.61
pin:                  5     0.00
gemmini:           5914     0.22
cpu:            2654650    98.89
verify:            7299     0.27
--------------------------------
STATUS: PASS
--------------------------------

--------------------------------
SUMMARY FOR MNK: 32 32 1
--------------------------------
section          cycles        %
--------------------------------
total:            44347   100.00
init:              3817     8.61
pin:                  5     0.01
gemmini:           2043     4.61
cpu:              31630    71.32
verify:            6852    15.45
--------------------------------
STATUS: PASS
--------------------------------

--------------------------------
SUMMARY FOR MNK: 32 32 4
--------------------------------
section          cycles        %
--------------------------------
total:            75057   100.00
init:              3829     5.10
pin:                  5     0.01
gemmini:           2000     2.66
cpu:              62336    83.05
verify:            6887     9.18
--------------------------------
STATUS: PASS
--------------------------------

--------------------------------
SUMMARY FOR MNK: 32 32 16
--------------------------------
section          cycles        %
--------------------------------
total:           204309   100.00
init:              4004     1.96
pin:                  5     0.00
gemmini:           2168     1.06
cpu:             191291    93.63
verify:            6841     3.35
--------------------------------
STATUS: PASS
--------------------------------

--------------------------------
SUMMARY FOR MNK: 32 32 64
--------------------------------
section          cycles        %
--------------------------------
total:           700127   100.00
init:              6548     0.94
pin:                  5     0.00
gemmini:           3256     0.47
cpu:             683441    97.62
verify:            6877     0.98
--------------------------------
STATUS: PASS
--------------------------------

--------------------------------
SUMMARY FOR MNK: 32 32 256
--------------------------------
section          cycles        %
--------------------------------
total:          2680539   100.00
init:             13460     0.50
pin:                  4     0.00
gemmini:           5909     0.22
cpu:            2654290    99.02
verify:            6876     0.26
--------------------------------
STATUS: PASS
--------------------------------

--------------------------------
SUMMARY FOR MNK: 16 64 1
--------------------------------
section          cycles        %
--------------------------------
total:            43965   100.00
init:              3909     8.89
pin:                  5     0.01
gemmini:           2101     4.78
cpu:              31286    71.16
verify:            6664    15.16
--------------------------------
STATUS: PASS
--------------------------------

--------------------------------
SUMMARY FOR MNK: 16 64 4
--------------------------------
section          cycles        %
--------------------------------
total:            74670   100.00
init:              3808     5.10
pin:                  4     0.01
gemmini:           2018     2.70
cpu:              62199    83.30
verify:            6641     8.89
--------------------------------
STATUS: PASS
--------------------------------

--------------------------------
SUMMARY FOR MNK: 16 64 16
--------------------------------
section          cycles        %
--------------------------------
total:           204857   100.00
init:              4697     2.29
pin:                  5     0.00
gemmini:           2187     1.07
cpu:             191262    93.36
verify:            6706     3.27
--------------------------------
STATUS: PASS
--------------------------------

--------------------------------
SUMMARY FOR MNK: 16 64 64
--------------------------------
section          cycles        %
--------------------------------
total:           700164   100.00
init:              6819     0.97
pin:                  5     0.00
gemmini:           3398     0.49
cpu:             683315    97.59
verify:            6627     0.95
--------------------------------
STATUS: PASS
--------------------------------

--------------------------------
SUMMARY FOR MNK: 16 64 256
--------------------------------
section          cycles        %
--------------------------------
total:          2873697   100.00
init:             16196     0.56
pin:                  4     0.00
gemmini:           6485     0.23
cpu:            2844233    98.97
verify:            6779     0.24
--------------------------------
STATUS: PASS
--------------------------------

--------------------------------
SUMMARY FOR MNK: 4 256 1
--------------------------------
section          cycles        %
--------------------------------
total:            45980   100.00
init:              4125     8.97
pin:                  5     0.01
gemmini:           4294     9.34
cpu:              31062    67.56
verify:            6494    14.12
--------------------------------
STATUS: PASS
--------------------------------

--------------------------------
SUMMARY FOR MNK: 4 256 4
--------------------------------
section          cycles        %
--------------------------------
total:            76755   100.00
init:              4113     5.36
pin:                  5     0.01
gemmini:           4406     5.74
cpu:              61745    80.44
verify:            6486     8.45
--------------------------------
STATUS: PASS
--------------------------------

--------------------------------
SUMMARY FOR MNK: 4 256 16
--------------------------------
section          cycles        %
--------------------------------
total:           210096   100.00
init:              7439     3.54
pin:                  5     0.00
gemmini:           4660     2.22
cpu:             191553    91.17
verify:            6439     3.06
--------------------------------
STATUS: PASS
--------------------------------

--------------------------------
SUMMARY FOR MNK: 4 256 64
--------------------------------
section          cycles        %
--------------------------------
total:           739825   100.00
init:             13514     1.83
pin:                  4     0.00
gemmini:           8322     1.12
cpu:             711367    96.15
verify:            6618     0.89
--------------------------------
STATUS: PASS
--------------------------------

--------------------------------
SUMMARY FOR MNK: 4 256 256
--------------------------------
section          cycles        %
--------------------------------
total:          5856314   100.00
init:             44720     0.76
pin:                  4     0.00
gemmini:          20565     0.35
cpu:            5784396    98.77
verify:            6629     0.11
--------------------------------
STATUS: PASS
--------------------------------

--------------------------------
SUMMARY FOR MNK: 1 1024 1
--------------------------------
section          cycles        %
--------------------------------
total:            53864   100.00
init:              4481     8.32
pin:                  4     0.01
gemmini:          11958    22.20
cpu:              30952    57.46
verify:            6469    12.01
--------------------------------
STATUS: PASS
--------------------------------

--------------------------------
SUMMARY FOR MNK: 1 1024 4
--------------------------------
section          cycles        %
--------------------------------
total:            88231   100.00
init:              6992     7.92
pin:                  5     0.01
gemmini:          12387    14.04
cpu:              62364    70.68
verify:            6483     7.35
--------------------------------
STATUS: PASS
--------------------------------

--------------------------------
SUMMARY FOR MNK: 1 1024 16
--------------------------------
section          cycles        %
--------------------------------
total:           235164   100.00
init:             13478     5.73
pin:                  5     0.00
gemmini:          13428     5.71
cpu:             201745    85.79
verify:            6508     2.77
--------------------------------
STATUS: PASS
--------------------------------

--------------------------------
SUMMARY FOR MNK: 1 1024 64
--------------------------------
section          cycles        %
--------------------------------
total:          1540530   100.00
init:             44148     2.87
pin:                  4     0.00
gemmini:          25825     1.68
cpu:            1464043    95.04
verify:            6510     0.42
--------------------------------
STATUS: PASS
--------------------------------

--------------------------------
SUMMARY FOR MNK: 1 1024 256
--------------------------------
section          cycles        %
--------------------------------
total:          6787221   100.00
init:            292858     4.31
pin:                  4     0.00
gemmini:          76101     1.12
cpu:            6411788    94.47
verify:            6470     0.10
--------------------------------
STATUS: PASS
--------------------------------

*** PASSED *** Completed after 47478627 cycles
[UART] UART0 is here (stdin/stdout).
[INFO]: 2020-04-09_02-03-21__pk__orig_tiler__hw_g1_dse6__gemm-pk succeeded in 2187 seconds
