bbl loader
--------------------------------
SUMMARY FOR MNK: 1024 1 1
--------------------------------
section          cycles        %
--------------------------------
total:            76703   100.00
init:             15091    19.67
pin:                  4     0.01
gemmini:           5650     7.37
cpu:              42291    55.14
verify:           13667    17.82
--------------------------------
STATUS: PASS
--------------------------------

--------------------------------
SUMMARY FOR MNK: 1024 1 4
--------------------------------
section          cycles        %
--------------------------------
total:           109183   100.00
init:             12755    11.68
pin:                  4     0.00
gemmini:           5612     5.14
cpu:              77195    70.70
verify:           13617    12.47
--------------------------------
STATUS: PASS
--------------------------------

--------------------------------
SUMMARY FOR MNK: 1024 1 16
--------------------------------
section          cycles        %
--------------------------------
total:           266991   100.00
init:             26358     9.87
pin:                  4     0.00
gemmini:           6156     2.31
cpu:             220844    82.72
verify:           13629     5.10
--------------------------------
STATUS: PASS
--------------------------------

--------------------------------
SUMMARY FOR MNK: 1024 1 64
--------------------------------
section          cycles        %
--------------------------------
total:           885953   100.00
init:             86091     9.72
pin:                  4     0.00
gemmini:          13168     1.49
cpu:             772978    87.25
verify:           13712     1.55
--------------------------------
STATUS: PASS
--------------------------------

--------------------------------
SUMMARY FOR MNK: 1024 1 256
--------------------------------
section          cycles        %
--------------------------------
total:          3360368   100.00
init:            324567     9.66
pin:                  4     0.00
gemmini:          42176     1.26
cpu:            2979897    88.68
verify:           13724     0.41
--------------------------------
STATUS: PASS
--------------------------------

--------------------------------
SUMMARY FOR MNK: 256 4 1
--------------------------------
section          cycles        %
--------------------------------
total:            53138   100.00
init:              4376     8.24
pin:                  4     0.01
gemmini:           2850     5.36
cpu:              36167    68.06
verify:            9741    18.33
--------------------------------
STATUS: PASS
--------------------------------

--------------------------------
SUMMARY FOR MNK: 256 4 4
--------------------------------
section          cycles        %
--------------------------------
total:            90993   100.00
init:              4132     4.54
pin:                  5     0.01
gemmini:           2676     2.94
cpu:              74472    81.84
verify:            9708    10.67
--------------------------------
STATUS: PASS
--------------------------------

--------------------------------
SUMMARY FOR MNK: 256 4 16
--------------------------------
section          cycles        %
--------------------------------
total:           236524   100.00
init:             11860     5.01
pin:                  4     0.00
gemmini:           2980     1.26
cpu:             211937    89.60
verify:            9743     4.12
--------------------------------
STATUS: PASS
--------------------------------

--------------------------------
SUMMARY FOR MNK: 256 4 64
--------------------------------
section          cycles        %
--------------------------------
total:           794653   100.00
init:             24326     3.06
pin:                  4     0.00
gemmini:           5249     0.66
cpu:             755370    95.06
verify:            9704     1.22
--------------------------------
STATUS: PASS
--------------------------------

--------------------------------
SUMMARY FOR MNK: 256 4 256
--------------------------------
section          cycles        %
--------------------------------
total:          3031483   100.00
init:             79077     2.61
pin:                  4     0.00
gemmini:          11971     0.39
cpu:            2930733    96.68
verify:            9698     0.32
--------------------------------
STATUS: PASS
--------------------------------

--------------------------------
SUMMARY FOR MNK: 64 16 1
--------------------------------
section          cycles        %
--------------------------------
total:            46456   100.00
init:              4061     8.74
pin:                  4     0.01
gemmini:           2126     4.58
cpu:              32986    71.00
verify:            7279    15.67
--------------------------------
STATUS: PASS
--------------------------------

--------------------------------
SUMMARY FOR MNK: 64 16 4
--------------------------------
section          cycles        %
--------------------------------
total:            85471   100.00
init:              3713     4.34
pin:                  4     0.00
gemmini:           2033     2.38
cpu:              72461    84.78
verify:            7260     8.49
--------------------------------
STATUS: PASS
--------------------------------

--------------------------------
SUMMARY FOR MNK: 64 16 16
--------------------------------
section          cycles        %
--------------------------------
total:           222414   100.00
init:              4685     2.11
pin:                  4     0.00
gemmini:           2190     0.98
cpu:             208254    93.63
verify:            7281     3.27
--------------------------------
STATUS: PASS
--------------------------------

--------------------------------
SUMMARY FOR MNK: 64 16 64
--------------------------------
section          cycles        %
--------------------------------
total:           766547   100.00
init:              7048     0.92
pin:                  4     0.00
gemmini:           2730     0.36
cpu:             749514    97.78
verify:            7251     0.95
--------------------------------
STATUS: PASS
--------------------------------

--------------------------------
SUMMARY FOR MNK: 64 16 256
--------------------------------
section          cycles        %
--------------------------------
total:          2946702   100.00
init:             16516     0.56
pin:                  4     0.00
gemmini:           5480     0.19
cpu:            2917423    99.01
verify:            7279     0.25
--------------------------------
STATUS: PASS
--------------------------------

--------------------------------
SUMMARY FOR MNK: 32 32 1
--------------------------------
section          cycles        %
--------------------------------
total:            45234   100.00
init:              3872     8.56
pin:                  4     0.01
gemmini:           1975     4.37
cpu:              32530    71.91
verify:            6853    15.15
--------------------------------
STATUS: PASS
--------------------------------

--------------------------------
SUMMARY FOR MNK: 32 32 4
--------------------------------
section          cycles        %
--------------------------------
total:            84766   100.00
init:              3760     4.44
pin:                  4     0.00
gemmini:           1868     2.20
cpu:              72273    85.26
verify:            6861     8.09
--------------------------------
STATUS: PASS
--------------------------------

--------------------------------
SUMMARY FOR MNK: 32 32 16
--------------------------------
section          cycles        %
--------------------------------
total:           220581   100.00
init:              4080     1.85
pin:                  5     0.00
gemmini:           2041     0.93
cpu:             207587    94.11
verify:            6868     3.11
--------------------------------
STATUS: PASS
--------------------------------

--------------------------------
SUMMARY FOR MNK: 32 32 64
--------------------------------
section          cycles        %
--------------------------------
total:           765162   100.00
init:              6740     0.88
pin:                  4     0.00
gemmini:           2668     0.35
cpu:             748861    97.87
verify:            6889     0.90
--------------------------------
STATUS: PASS
--------------------------------

--------------------------------
SUMMARY FOR MNK: 32 32 256
--------------------------------
section          cycles        %
--------------------------------
total:          2942578   100.00
init:             13671     0.46
pin:                  4     0.00
gemmini:           4593     0.16
cpu:            2917416    99.14
verify:            6894     0.23
--------------------------------
STATUS: PASS
--------------------------------

--------------------------------
SUMMARY FOR MNK: 16 64 1
--------------------------------
section          cycles        %
--------------------------------
total:            45152   100.00
init:              3863     8.56
pin:                  4     0.01
gemmini:           2305     5.10
cpu:              32314    71.57
verify:            6666    14.76
--------------------------------
STATUS: PASS
--------------------------------

--------------------------------
SUMMARY FOR MNK: 16 64 4
--------------------------------
section          cycles        %
--------------------------------
total:            84770   100.00
init:              3758     4.43
pin:                  4     0.00
gemmini:           2277     2.69
cpu:              72095    85.05
verify:            6636     7.83
--------------------------------
STATUS: PASS
--------------------------------

--------------------------------
SUMMARY FOR MNK: 16 64 16
--------------------------------
section          cycles        %
--------------------------------
total:           221087   100.00
init:              4713     2.13
pin:                  4     0.00
gemmini:           2384     1.08
cpu:             207367    93.79
verify:            6619     2.99
--------------------------------
STATUS: PASS
--------------------------------

--------------------------------
SUMMARY FOR MNK: 16 64 64
--------------------------------
section          cycles        %
--------------------------------
total:           765484   100.00
init:              6851     0.89
pin:                  5     0.00
gemmini:           3097     0.40
cpu:             748901    97.83
verify:            6630     0.87
--------------------------------
STATUS: PASS
--------------------------------

--------------------------------
SUMMARY FOR MNK: 16 64 256
--------------------------------
section          cycles        %
--------------------------------
total:          3150788   100.00
init:             16198     0.51
pin:                  4     0.00
gemmini:           6145     0.20
cpu:            3121658    99.08
verify:            6783     0.22
--------------------------------
STATUS: PASS
--------------------------------

--------------------------------
SUMMARY FOR MNK: 4 256 1
--------------------------------
section          cycles        %
--------------------------------
total:            46334   100.00
init:              4219     9.11
pin:                  5     0.01
gemmini:           3581     7.73
cpu:              32061    69.20
verify:            6468    13.96
--------------------------------
STATUS: PASS
--------------------------------

--------------------------------
SUMMARY FOR MNK: 4 256 4
--------------------------------
section          cycles        %
--------------------------------
total:            86088   100.00
init:              4047     4.70
pin:                  5     0.01
gemmini:           3511     4.08
cpu:              72044    83.69
verify:            6481     7.53
--------------------------------
STATUS: PASS
--------------------------------

--------------------------------
SUMMARY FOR MNK: 4 256 16
--------------------------------
section          cycles        %
--------------------------------
total:           225429   100.00
init:              7412     3.29
pin:                  4     0.00
gemmini:           3997     1.77
cpu:             207587    92.09
verify:            6429     2.85
--------------------------------
STATUS: PASS
--------------------------------

--------------------------------
SUMMARY FOR MNK: 4 256 64
--------------------------------
section          cycles        %
--------------------------------
total:           806023   100.00
init:             13783     1.71
pin:                  4     0.00
gemmini:           6530     0.81
cpu:             779109    96.66
verify:            6597     0.82
--------------------------------
STATUS: PASS
--------------------------------

--------------------------------
SUMMARY FOR MNK: 4 256 256
--------------------------------
section          cycles        %
--------------------------------
total:          6373951   100.00
init:             44870     0.70
pin:                  4     0.00
gemmini:          14795     0.23
cpu:            6307685    98.96
verify:            6597     0.10
--------------------------------
STATUS: PASS
--------------------------------

--------------------------------
SUMMARY FOR MNK: 1 1024 1
--------------------------------
section          cycles        %
--------------------------------
total:            51275   100.00
init:              4470     8.72
pin:                  4     0.01
gemmini:           8296    16.18
cpu:              32100    62.60
verify:            6405    12.49
--------------------------------
STATUS: PASS
--------------------------------

--------------------------------
SUMMARY FOR MNK: 1 1024 4
--------------------------------
section          cycles        %
--------------------------------
total:            94249   100.00
init:              6850     7.27
pin:                  4     0.00
gemmini:           8672     9.20
cpu:              72316    76.73
verify:            6407     6.80
--------------------------------
STATUS: PASS
--------------------------------

--------------------------------
SUMMARY FOR MNK: 1 1024 16
--------------------------------
section          cycles        %
--------------------------------
total:           250169   100.00
init:             13654     5.46
pin:                  4     0.00
gemmini:          10629     4.25
cpu:             219378    87.69
verify:            6504     2.60
--------------------------------
STATUS: PASS
--------------------------------

--------------------------------
SUMMARY FOR MNK: 1 1024 64
--------------------------------
section          cycles        %
--------------------------------
total:          1664950   100.00
init:             44123     2.65
pin:                  4     0.00
gemmini:          19350     1.16
cpu:            1594981    95.80
verify:            6492     0.39
--------------------------------
STATUS: PASS
--------------------------------

--------------------------------
SUMMARY FOR MNK: 1 1024 256
--------------------------------
section          cycles        %
--------------------------------
total:          7338784   100.00
init:            292582     3.99
pin:                  4     0.00
gemmini:          54634     0.74
cpu:            6985114    95.18
verify:            6450     0.09
--------------------------------
STATUS: PASS
--------------------------------

*** PASSED *** Completed after 50266573 cycles
[UART] UART0 is here (stdin/stdout).
[INFO]: 2020-04-09_10-00-39__pk__fsm_tiler__hw_g1_dse8__gemm-pk succeeded in 2292 seconds
