bbl loader
--------------------------------
SUMMARY FOR MNK: 1024 1 1
--------------------------------
section          cycles        %
--------------------------------
total:            83908   100.00
init:             15085    17.98
pin:                  4     0.00
gemmini:           7415     8.84
cpu:              45683    54.44
verify:           15721    18.74
--------------------------------
STATUS: PASS
--------------------------------

--------------------------------
SUMMARY FOR MNK: 1024 1 4
--------------------------------
section          cycles        %
--------------------------------
total:           110850   100.00
init:             10877     9.81
pin:                  4     0.00
gemmini:           7627     6.88
cpu:              76667    69.16
verify:           15675    14.14
--------------------------------
STATUS: PASS
--------------------------------

--------------------------------
SUMMARY FOR MNK: 1024 1 16
--------------------------------
section          cycles        %
--------------------------------
total:           258155   100.00
init:             25905    10.03
pin:                  4     0.00
gemmini:           8689     3.37
cpu:             207907    80.54
verify:           15650     6.06
--------------------------------
STATUS: PASS
--------------------------------

--------------------------------
SUMMARY FOR MNK: 1024 1 64
--------------------------------
section          cycles        %
--------------------------------
total:           824197   100.00
init:             85903    10.42
pin:                  4     0.00
gemmini:          11817     1.43
cpu:             710671    86.23
verify:           15802     1.92
--------------------------------
STATUS: PASS
--------------------------------

--------------------------------
SUMMARY FOR MNK: 1024 1 256
--------------------------------
section          cycles        %
--------------------------------
total:          3096056   100.00
init:            324321    10.48
pin:                  4     0.00
gemmini:          37340     1.21
cpu:            2718515    87.81
verify:           15876     0.51
--------------------------------
STATUS: PASS
--------------------------------

--------------------------------
SUMMARY FOR MNK: 256 4 1
--------------------------------
section          cycles        %
--------------------------------
total:            53348   100.00
init:              4466     8.37
pin:                  4     0.01
gemmini:           3062     5.74
cpu:              36182    67.82
verify:            9634    18.06
--------------------------------
STATUS: PASS
--------------------------------

--------------------------------
SUMMARY FOR MNK: 256 4 4
--------------------------------
section          cycles        %
--------------------------------
total:            83963   100.00
init:              4256     5.07
pin:                  4     0.00
gemmini:           3121     3.72
cpu:              66845    79.61
verify:            9737    11.60
--------------------------------
STATUS: PASS
--------------------------------

--------------------------------
SUMMARY FOR MNK: 256 4 16
--------------------------------
section          cycles        %
--------------------------------
total:           220130   100.00
init:             10597     4.81
pin:                  4     0.00
gemmini:           3256     1.48
cpu:             196474    89.25
verify:            9799     4.45
--------------------------------
STATUS: PASS
--------------------------------

--------------------------------
SUMMARY FOR MNK: 256 4 64
--------------------------------
section          cycles        %
--------------------------------
total:           728997   100.00
init:             24107     3.31
pin:                  4     0.00
gemmini:           4555     0.62
cpu:             690574    94.73
verify:            9757     1.34
--------------------------------
STATUS: PASS
--------------------------------

--------------------------------
SUMMARY FOR MNK: 256 4 256
--------------------------------
section          cycles        %
--------------------------------
total:          2766720   100.00
init:             78595     2.84
pin:                  4     0.00
gemmini:           9576     0.35
cpu:            2668662    96.46
verify:            9883     0.36
--------------------------------
STATUS: PASS
--------------------------------

--------------------------------
SUMMARY FOR MNK: 64 16 1
--------------------------------
section          cycles        %
--------------------------------
total:            46734   100.00
init:              4077     8.72
pin:                  4     0.01
gemmini:           1853     3.96
cpu:              32390    69.31
verify:            8410    18.00
--------------------------------
STATUS: PASS
--------------------------------

--------------------------------
SUMMARY FOR MNK: 64 16 4
--------------------------------
section          cycles        %
--------------------------------
total:            76955   100.00
init:              3712     4.82
pin:                  4     0.01
gemmini:           1869     2.43
cpu:              62935    81.78
verify:            8435    10.96
--------------------------------
STATUS: PASS
--------------------------------

--------------------------------
SUMMARY FOR MNK: 64 16 16
--------------------------------
section          cycles        %
--------------------------------
total:           207374   100.00
init:              4639     2.24
pin:                  4     0.00
gemmini:           1901     0.92
cpu:             192282    92.72
verify:            8548     4.12
--------------------------------
STATUS: PASS
--------------------------------

--------------------------------
SUMMARY FOR MNK: 64 16 64
--------------------------------
section          cycles        %
--------------------------------
total:           701881   100.00
init:              6916     0.99
pin:                  4     0.00
gemmini:           2594     0.37
cpu:             683925    97.44
verify:            8442     1.20
--------------------------------
STATUS: PASS
--------------------------------

--------------------------------
SUMMARY FOR MNK: 64 16 256
--------------------------------
section          cycles        %
--------------------------------
total:          2684683   100.00
init:             16511     0.62
pin:                  4     0.00
gemmini:           4514     0.17
cpu:            2655203    98.90
verify:            8451     0.31
--------------------------------
STATUS: PASS
--------------------------------

--------------------------------
SUMMARY FOR MNK: 32 32 1
--------------------------------
section          cycles        %
--------------------------------
total:            45412   100.00
init:              3927     8.65
pin:                  4     0.01
gemmini:           1769     3.90
cpu:              31717    69.84
verify:            7995    17.61
--------------------------------
STATUS: PASS
--------------------------------

--------------------------------
SUMMARY FOR MNK: 32 32 4
--------------------------------
section          cycles        %
--------------------------------
total:            75950   100.00
init:              3773     4.97
pin:                  4     0.01
gemmini:           1796     2.36
cpu:              62404    82.16
verify:            7973    10.50
--------------------------------
STATUS: PASS
--------------------------------

--------------------------------
SUMMARY FOR MNK: 32 32 16
--------------------------------
section          cycles        %
--------------------------------
total:           205226   100.00
init:              4050     1.97
pin:                  4     0.00
gemmini:           1884     0.92
cpu:             191337    93.23
verify:            7951     3.87
--------------------------------
STATUS: PASS
--------------------------------

--------------------------------
SUMMARY FOR MNK: 32 32 64
--------------------------------
section          cycles        %
--------------------------------
total:           700331   100.00
init:              6719     0.96
pin:                  4     0.00
gemmini:           2340     0.33
cpu:             683264    97.56
verify:            8004     1.14
--------------------------------
STATUS: PASS
--------------------------------

--------------------------------
SUMMARY FOR MNK: 32 32 256
--------------------------------
section          cycles        %
--------------------------------
total:          2680026   100.00
init:             13537     0.51
pin:                  4     0.00
gemmini:           4232     0.16
cpu:            2654296    99.04
verify:            7957     0.30
--------------------------------
STATUS: PASS
--------------------------------

--------------------------------
SUMMARY FOR MNK: 16 64 1
--------------------------------
section          cycles        %
--------------------------------
total:            45136   100.00
init:              4180     9.26
pin:                  4     0.01
gemmini:           1842     4.08
cpu:              31369    69.50
verify:            7741    17.15
--------------------------------
STATUS: PASS
--------------------------------

--------------------------------
SUMMARY FOR MNK: 16 64 4
--------------------------------
section          cycles        %
--------------------------------
total:            75622   100.00
init:              3851     5.09
pin:                  4     0.01
gemmini:           1918     2.54
cpu:              62092    82.11
verify:            7757    10.26
--------------------------------
STATUS: PASS
--------------------------------

--------------------------------
SUMMARY FOR MNK: 16 64 16
--------------------------------
section          cycles        %
--------------------------------
total:           205761   100.00
init:              4820     2.34
pin:                  4     0.00
gemmini:           2049     1.00
cpu:             191066    92.86
verify:            7822     3.80
--------------------------------
STATUS: PASS
--------------------------------

--------------------------------
SUMMARY FOR MNK: 16 64 64
--------------------------------
section          cycles        %
--------------------------------
total:           700347   100.00
init:              6812     0.97
pin:                  4     0.00
gemmini:           2535     0.36
cpu:             683266    97.56
verify:            7730     1.10
--------------------------------
STATUS: PASS
--------------------------------

--------------------------------
SUMMARY FOR MNK: 16 64 256
--------------------------------
section          cycles        %
--------------------------------
total:          2897676   100.00
init:             16157     0.56
pin:                  4     0.00
gemmini:           4570     0.16
cpu:            2869033    99.01
verify:            7912     0.27
--------------------------------
STATUS: PASS
--------------------------------

--------------------------------
SUMMARY FOR MNK: 4 256 1
--------------------------------
section          cycles        %
--------------------------------
total:            45762   100.00
init:              4162     9.09
pin:                  4     0.01
gemmini:           2870     6.27
cpu:              31191    68.16
verify:            7535    16.47
--------------------------------
STATUS: PASS
--------------------------------

--------------------------------
SUMMARY FOR MNK: 4 256 4
--------------------------------
section          cycles        %
--------------------------------
total:            76496   100.00
init:              4079     5.33
pin:                  4     0.01
gemmini:           2980     3.90
cpu:              61895    80.91
verify:            7538     9.85
--------------------------------
STATUS: PASS
--------------------------------

--------------------------------
SUMMARY FOR MNK: 4 256 16
--------------------------------
section          cycles        %
--------------------------------
total:           209495   100.00
init:              7274     3.47
pin:                  4     0.00
gemmini:           3384     1.62
cpu:             191291    91.31
verify:            7542     3.60
--------------------------------
STATUS: PASS
--------------------------------

--------------------------------
SUMMARY FOR MNK: 4 256 64
--------------------------------
section          cycles        %
--------------------------------
total:           744582   100.00
init:             13714     1.84
pin:                  4     0.00
gemmini:           4794     0.64
cpu:             718359    96.48
verify:            7711     1.04
--------------------------------
STATUS: PASS
--------------------------------

--------------------------------
SUMMARY FOR MNK: 4 256 256
--------------------------------
section          cycles        %
--------------------------------
total:          5847849   100.00
init:             44688     0.76
pin:                  4     0.00
gemmini:           9594     0.16
cpu:            5785870    98.94
verify:            7693     0.13
--------------------------------
STATUS: PASS
--------------------------------

--------------------------------
SUMMARY FOR MNK: 1 1024 1
--------------------------------
section          cycles        %
--------------------------------
total:            50325   100.00
init:              4497     8.94
pin:                  4     0.01
gemmini:           7271    14.45
cpu:              31111    61.82
verify:            7442    14.79
--------------------------------
STATUS: PASS
--------------------------------

--------------------------------
SUMMARY FOR MNK: 1 1024 4
--------------------------------
section          cycles        %
--------------------------------
total:            84348   100.00
init:              6921     8.21
pin:                  4     0.00
gemmini:           7520     8.92
cpu:              62415    74.00
verify:            7488     8.88
--------------------------------
STATUS: PASS
--------------------------------

--------------------------------
SUMMARY FOR MNK: 1 1024 16
--------------------------------
section          cycles        %
--------------------------------
total:           231273   100.00
init:             13655     5.90
pin:                  4     0.00
gemmini:           8492     3.67
cpu:             201525    87.14
verify:            7597     3.28
--------------------------------
STATUS: PASS
--------------------------------

--------------------------------
SUMMARY FOR MNK: 1 1024 64
--------------------------------
section          cycles        %
--------------------------------
total:          1528409   100.00
init:             44121     2.89
pin:                  4     0.00
gemmini:          11016     0.72
cpu:            1465664    95.89
verify:            7604     0.50
--------------------------------
STATUS: PASS
--------------------------------

--------------------------------
SUMMARY FOR MNK: 1 1024 256
--------------------------------
section          cycles        %
--------------------------------
total:          6730358   100.00
init:            291935     4.34
pin:                  4     0.00
gemmini:          30522     0.45
cpu:            6400368    95.10
verify:            7529     0.11
--------------------------------
STATUS: PASS
--------------------------------

*** PASSED *** Completed after 47126636 cycles
[UART] UART0 is here (stdin/stdout).
[INFO]: 2020-04-09_09-24-26__pk__orig_tiler__hw_g1_dse8__gemm-pk succeeded in 2173 seconds
