bbl loader
--------------------------------
SUMMARY FOR MNK: 1024 1 1
--------------------------------
section          cycles        %
--------------------------------
total:            80611   100.00
init:             15062    18.68
pin:                  4     0.00
gemmini:           4358     5.41
cpu:              45518    56.47
verify:           15669    19.44
--------------------------------
STATUS: PASS
--------------------------------

--------------------------------
SUMMARY FOR MNK: 1024 1 4
--------------------------------
section          cycles        %
--------------------------------
total:           107664   100.00
init:             10779    10.01
pin:                  4     0.00
gemmini:           4588     4.26
cpu:              76659    71.20
verify:           15634    14.52
--------------------------------
STATUS: PASS
--------------------------------

--------------------------------
SUMMARY FOR MNK: 1024 1 16
--------------------------------
section          cycles        %
--------------------------------
total:           254385   100.00
init:             25913    10.19
pin:                  4     0.00
gemmini:           4736     1.86
cpu:             208016    81.77
verify:           15716     6.18
--------------------------------
STATUS: PASS
--------------------------------

--------------------------------
SUMMARY FOR MNK: 1024 1 64
--------------------------------
section          cycles        %
--------------------------------
total:           820495   100.00
init:             86130    10.50
pin:                  4     0.00
gemmini:           8047     0.98
cpu:             710553    86.60
verify:           15761     1.92
--------------------------------
STATUS: PASS
--------------------------------

--------------------------------
SUMMARY FOR MNK: 1024 1 256
--------------------------------
section          cycles        %
--------------------------------
total:          3083300   100.00
init:            324476    10.52
pin:                  4     0.00
gemmini:          25225     0.82
cpu:            2717750    88.14
verify:           15845     0.51
--------------------------------
STATUS: PASS
--------------------------------

--------------------------------
SUMMARY FOR MNK: 256 4 1
--------------------------------
section          cycles        %
--------------------------------
total:            51632   100.00
init:              4315     8.36
pin:                  4     0.01
gemmini:           1424     2.76
cpu:              36155    70.02
verify:            9734    18.85
--------------------------------
STATUS: PASS
--------------------------------

--------------------------------
SUMMARY FOR MNK: 256 4 4
--------------------------------
section          cycles        %
--------------------------------
total:            82658   100.00
init:              4416     5.34
pin:                  4     0.00
gemmini:           1526     1.85
cpu:              66998    81.05
verify:            9714    11.75
--------------------------------
STATUS: PASS
--------------------------------

--------------------------------
SUMMARY FOR MNK: 256 4 16
--------------------------------
section          cycles        %
--------------------------------
total:           218357   100.00
init:             10620     4.86
pin:                  4     0.00
gemmini:           1728     0.79
cpu:             196332    89.91
verify:            9673     4.43
--------------------------------
STATUS: PASS
--------------------------------

--------------------------------
SUMMARY FOR MNK: 256 4 64
--------------------------------
section          cycles        %
--------------------------------
total:           726958   100.00
init:             23947     3.29
pin:                  4     0.00
gemmini:           3169     0.44
cpu:             690205    94.94
verify:            9633     1.33
--------------------------------
STATUS: PASS
--------------------------------

--------------------------------
SUMMARY FOR MNK: 256 4 256
--------------------------------
section          cycles        %
--------------------------------
total:          2763094   100.00
init:             78144     2.83
pin:                  4     0.00
gemmini:           6612     0.24
cpu:            2668503    96.58
verify:            9831     0.36
--------------------------------
STATUS: PASS
--------------------------------

--------------------------------
SUMMARY FOR MNK: 64 16 1
--------------------------------
section          cycles        %
--------------------------------
total:            45803   100.00
init:              4138     9.03
pin:                  4     0.01
gemmini:            972     2.12
cpu:              32267    70.45
verify:            8422    18.39
--------------------------------
STATUS: PASS
--------------------------------

--------------------------------
SUMMARY FOR MNK: 64 16 4
--------------------------------
section          cycles        %
--------------------------------
total:            76578   100.00
init:              3992     5.21
pin:                  4     0.01
gemmini:           1057     1.38
cpu:              63084    82.38
verify:            8441    11.02
--------------------------------
STATUS: PASS
--------------------------------

--------------------------------
SUMMARY FOR MNK: 64 16 16
--------------------------------
section          cycles        %
--------------------------------
total:           206589   100.00
init:              4793     2.32
pin:                  4     0.00
gemmini:           1137     0.55
cpu:             192157    93.01
verify:            8498     4.11
--------------------------------
STATUS: PASS
--------------------------------

--------------------------------
SUMMARY FOR MNK: 64 16 64
--------------------------------
section          cycles        %
--------------------------------
total:           701214   100.00
init:              6978     1.00
pin:                  4     0.00
gemmini:           1702     0.24
cpu:             684096    97.56
verify:            8434     1.20
--------------------------------
STATUS: PASS
--------------------------------

--------------------------------
SUMMARY FOR MNK: 64 16 256
--------------------------------
section          cycles        %
--------------------------------
total:          2683276   100.00
init:             16569     0.62
pin:                  4     0.00
gemmini:           3175     0.12
cpu:            2655038    98.95
verify:            8490     0.32
--------------------------------
STATUS: PASS
--------------------------------

--------------------------------
SUMMARY FOR MNK: 32 32 1
--------------------------------
section          cycles        %
--------------------------------
total:            44654   100.00
init:              4034     9.03
pin:                  4     0.01
gemmini:           1059     2.37
cpu:              31617    70.80
verify:            7940    17.78
--------------------------------
STATUS: PASS
--------------------------------

--------------------------------
SUMMARY FOR MNK: 32 32 4
--------------------------------
section          cycles        %
--------------------------------
total:            75324   100.00
init:              3864     5.13
pin:                  4     0.01
gemmini:           1027     1.36
cpu:              62462    82.92
verify:            7967    10.58
--------------------------------
STATUS: PASS
--------------------------------

--------------------------------
SUMMARY FOR MNK: 32 32 16
--------------------------------
section          cycles        %
--------------------------------
total:           204682   100.00
init:              4189     2.05
pin:                  4     0.00
gemmini:           1160     0.57
cpu:             191389    93.51
verify:            7940     3.88
--------------------------------
STATUS: PASS
--------------------------------

--------------------------------
SUMMARY FOR MNK: 32 32 64
--------------------------------
section          cycles        %
--------------------------------
total:           699506   100.00
init:              6661     0.95
pin:                  4     0.00
gemmini:           1661     0.24
cpu:             683169    97.66
verify:            8011     1.15
--------------------------------
STATUS: PASS
--------------------------------

--------------------------------
SUMMARY FOR MNK: 32 32 256
--------------------------------
section          cycles        %
--------------------------------
total:          2678823   100.00
init:             13629     0.51
pin:                  4     0.00
gemmini:           2634     0.10
cpu:            2654593    99.10
verify:            7963     0.30
--------------------------------
STATUS: PASS
--------------------------------

--------------------------------
SUMMARY FOR MNK: 16 64 1
--------------------------------
section          cycles        %
--------------------------------
total:            44328   100.00
init:              3970     8.96
pin:                  4     0.01
gemmini:           1205     2.72
cpu:              31427    70.90
verify:            7722    17.42
--------------------------------
STATUS: PASS
--------------------------------

--------------------------------
SUMMARY FOR MNK: 16 64 4
--------------------------------
section          cycles        %
--------------------------------
total:            74909   100.00
init:              3915     5.23
pin:                  4     0.01
gemmini:           1279     1.71
cpu:              62011    82.78
verify:            7700    10.28
--------------------------------
STATUS: PASS
--------------------------------

--------------------------------
SUMMARY FOR MNK: 16 64 16
--------------------------------
section          cycles        %
--------------------------------
total:           205025   100.00
init:              4756     2.32
pin:                  4     0.00
gemmini:           1360     0.66
cpu:             191118    93.22
verify:            7787     3.80
--------------------------------
STATUS: PASS
--------------------------------

--------------------------------
SUMMARY FOR MNK: 16 64 64
--------------------------------
section          cycles        %
--------------------------------
total:           699768   100.00
init:              6843     0.98
pin:                  4     0.00
gemmini:           1969     0.28
cpu:             683307    97.65
verify:            7645     1.09
--------------------------------
STATUS: PASS
--------------------------------

--------------------------------
SUMMARY FOR MNK: 16 64 256
--------------------------------
section          cycles        %
--------------------------------
total:          2897407   100.00
init:             16375     0.57
pin:                  4     0.00
gemmini:           4122     0.14
cpu:            2869048    99.02
verify:            7858     0.27
--------------------------------
STATUS: PASS
--------------------------------

--------------------------------
SUMMARY FOR MNK: 4 256 1
--------------------------------
section          cycles        %
--------------------------------
total:            45061   100.00
init:              4139     9.19
pin:                  4     0.01
gemmini:           2155     4.78
cpu:              31198    69.24
verify:            7565    16.79
--------------------------------
STATUS: PASS
--------------------------------

--------------------------------
SUMMARY FOR MNK: 4 256 4
--------------------------------
section          cycles        %
--------------------------------
total:            75766   100.00
init:              4107     5.42
pin:                  4     0.01
gemmini:           2289     3.02
cpu:              61844    81.63
verify:            7522     9.93
--------------------------------
STATUS: PASS
--------------------------------

--------------------------------
SUMMARY FOR MNK: 4 256 16
--------------------------------
section          cycles        %
--------------------------------
total:           209165   100.00
init:              7387     3.53
pin:                  4     0.00
gemmini:           2963     1.42
cpu:             191292    91.46
verify:            7519     3.59
--------------------------------
STATUS: PASS
--------------------------------

--------------------------------
SUMMARY FOR MNK: 4 256 64
--------------------------------
section          cycles        %
--------------------------------
total:           742853   100.00
init:             13745     1.85
pin:                  4     0.00
gemmini:           4477     0.60
cpu:             716970    96.52
verify:            7657     1.03
--------------------------------
STATUS: PASS
--------------------------------

--------------------------------
SUMMARY FOR MNK: 4 256 256
--------------------------------
section          cycles        %
--------------------------------
total:          5848962   100.00
init:             44866     0.77
pin:                  4     0.00
gemmini:          10659     0.18
cpu:            5785776    98.92
verify:            7657     0.13
--------------------------------
STATUS: PASS
--------------------------------

--------------------------------
SUMMARY FOR MNK: 1 1024 1
--------------------------------
section          cycles        %
--------------------------------
total:            49577   100.00
init:              4511     9.10
pin:                  4     0.01
gemmini:           6520    13.15
cpu:              31105    62.74
verify:            7437    15.00
--------------------------------
STATUS: PASS
--------------------------------

--------------------------------
SUMMARY FOR MNK: 1 1024 4
--------------------------------
section          cycles        %
--------------------------------
total:            84208   100.00
init:              7167     8.51
pin:                  4     0.00
gemmini:           7234     8.59
cpu:              62265    73.94
verify:            7538     8.95
--------------------------------
STATUS: PASS
--------------------------------

--------------------------------
SUMMARY FOR MNK: 1 1024 16
--------------------------------
section          cycles        %
--------------------------------
total:           231154   100.00
init:             13513     5.85
pin:                  4     0.00
gemmini:           8982     3.89
cpu:             201062    86.98
verify:            7593     3.28
--------------------------------
STATUS: PASS
--------------------------------

--------------------------------
SUMMARY FOR MNK: 1 1024 64
--------------------------------
section          cycles        %
--------------------------------
total:          1532614   100.00
init:             44204     2.88
pin:                  4     0.00
gemmini:          15369     1.00
cpu:            1465459    95.62
verify:            7578     0.49
--------------------------------
STATUS: PASS
--------------------------------

--------------------------------
SUMMARY FOR MNK: 1 1024 256
--------------------------------
section          cycles        %
--------------------------------
total:          6755087   100.00
init:            291671     4.32
pin:                  4     0.00
gemmini:          43855     0.65
cpu:            6412001    94.92
verify:            7556     0.11
--------------------------------
STATUS: PASS
--------------------------------

*** PASSED *** Completed after 47060364 cycles
[UART] UART0 is here (stdin/stdout).
[INFO]: 2020-04-09_02-54-55__pk__hw_tiler__hw_g2_dse8__gemm-pk succeeded in 1787 seconds
